  [1m[35m (16.5ms)[0m  [1m[35mCREATE TABLE "schema_migrations" ("version" character varying PRIMARY KEY)[0m
  [1m[35m (20.4ms)[0m  [1m[35mCREATE TABLE "ar_internal_metadata" ("key" character varying PRIMARY KEY, "value" character varying, "created_at" timestamp NOT NULL, "updated_at" timestamp NOT NULL)[0m
  [1m[35m (0.7ms)[0m  [1m[34mSELECT pg_try_advisory_lock(1978138525877145240);[0m
  [1m[36mActiveRecord::SchemaMigration Load (0.4ms)[0m  [1m[34mSELECT "schema_migrations".* FROM "schema_migrations"[0m
Migrating to CreatePolicies (20160809161753)
  [1m[35m (0.1ms)[0m  [1m[35mBEGIN[0m
  [1m[35m (31.0ms)[0m  [1m[35mCREATE TABLE "policies" ("id" serial primary key, "name" character varying, "left" character varying, "right" character varying, "created_at" timestamp NOT NULL, "updated_at" timestamp NOT NULL)[0m
  [1m[35mSQL (24.9ms)[0m  [1m[32mINSERT INTO "schema_migrations" ("version") VALUES ($1) RETURNING "version"[0m  [["version", "20160809161753"]]
  [1m[35m (0.4ms)[0m  [1m[35mCOMMIT[0m
  [1m[36mActiveRecord::InternalMetadata Load (0.6ms)[0m  [1m[34mSELECT  "ar_internal_metadata".* FROM "ar_internal_metadata" WHERE "ar_internal_metadata"."key" = $1 LIMIT $2[0m  [["key", :environment], ["LIMIT", 1]]
  [1m[35m (0.1ms)[0m  [1m[35mBEGIN[0m
  [1m[35mSQL (0.7ms)[0m  [1m[32mINSERT INTO "ar_internal_metadata" ("key", "value", "created_at", "updated_at") VALUES ($1, $2, $3, $4) RETURNING "key"[0m  [["key", "environment"], ["value", "development"], ["created_at", 2016-08-09 16:18:39 UTC], ["updated_at", 2016-08-09 16:18:39 UTC]]
  [1m[35m (0.3ms)[0m  [1m[35mCOMMIT[0m
  [1m[35m (0.2ms)[0m  [1m[34mSELECT pg_advisory_unlock(1978138525877145240)[0m
  [1m[36mActiveRecord::SchemaMigration Load (0.2ms)[0m  [1m[34mSELECT "schema_migrations".* FROM "schema_migrations"[0m
  [1m[35m (2.5ms)[0m  [1m[34mSELECT t2.oid::regclass::text AS to_table, a1.attname AS column, a2.attname AS primary_key, c.conname AS name, c.confupdtype AS on_update, c.confdeltype AS on_delete
FROM pg_constraint c
JOIN pg_class t1 ON c.conrelid = t1.oid
JOIN pg_class t2 ON c.confrelid = t2.oid
JOIN pg_attribute a1 ON a1.attnum = c.conkey[1] AND a1.attrelid = t1.oid
JOIN pg_attribute a2 ON a2.attnum = c.confkey[1] AND a2.attrelid = t2.oid
JOIN pg_namespace t3 ON c.connamespace = t3.oid
WHERE c.contype = 'f'
  AND t1.relname = 'policies'
  AND t3.nspname = ANY (current_schemas(false))
ORDER BY c.conname
[0m
Started GET "/" for ::1 at 2016-08-09 10:19:34 -0600
  [1m[36mActiveRecord::SchemaMigration Load (0.4ms)[0m  [1m[34mSELECT "schema_migrations".* FROM "schema_migrations"[0m
Processing by Rails::WelcomeController#index as HTML
  Parameters: {"internal"=>true}
  Rendering /Users/Greg/.rbenv/versions/2.2.5/lib/ruby/gems/2.2.0/gems/railties-5.0.0/lib/rails/templates/rails/welcome/index.html.erb
  Rendered /Users/Greg/.rbenv/versions/2.2.5/lib/ruby/gems/2.2.0/gems/railties-5.0.0/lib/rails/templates/rails/welcome/index.html.erb (4.7ms)
Completed 200 OK in 22ms (Views: 11.1ms | ActiveRecord: 0.0ms)


Started GET "/policies" for ::1 at 2016-08-09 10:19:42 -0600
Processing by PoliciesController#index as HTML
  Rendering policies/index.html.erb within layouts/application
  [1m[36mPolicy Load (0.4ms)[0m  [1m[34mSELECT "policies".* FROM "policies"[0m
  Rendered policies/index.html.erb within layouts/application (9.4ms)
Completed 200 OK in 695ms (Views: 689.8ms | ActiveRecord: 1.9ms)


Started GET "/policies/new" for ::1 at 2016-08-09 10:19:48 -0600
Processing by PoliciesController#new as HTML
  Rendering policies/new.html.erb within layouts/application
  Rendered policies/_form.html.erb (18.0ms)
  Rendered policies/new.html.erb within layouts/application (20.1ms)
Completed 200 OK in 50ms (Views: 40.5ms | ActiveRecord: 2.3ms)


Started POST "/policies" for ::1 at 2016-08-09 10:20:01 -0600
Processing by PoliciesController#create as HTML
  Parameters: {"utf8"=>"✓", "authenticity_token"=>"0OvZvEucJBcTKRYVdQXSp8i6599/e8Ts5jAZUEKO2PIIA4QU29DOsnoQazExZmPATRp42W/pfXscGMD1CiseHQ==", "policy"=>{"name"=>"Fiscal Policy", "left"=>"Left Value", "right"=>"Right Value"}, "commit"=>"Create Policy"}
  [1m[35m (0.2ms)[0m  [1m[35mBEGIN[0m
  [1m[35mSQL (0.7ms)[0m  [1m[32mINSERT INTO "policies" ("name", "left", "right", "created_at", "updated_at") VALUES ($1, $2, $3, $4, $5) RETURNING "id"[0m  [["name", "Fiscal Policy"], ["left", "Left Value"], ["right", "Right Value"], ["created_at", 2016-08-09 16:20:01 UTC], ["updated_at", 2016-08-09 16:20:01 UTC]]
  [1m[35m (5.5ms)[0m  [1m[35mCOMMIT[0m
Redirected to http://localhost:3000/policies/1
Completed 302 Found in 13ms (ActiveRecord: 6.4ms)


Started GET "/policies/1" for ::1 at 2016-08-09 10:20:01 -0600
Processing by PoliciesController#show as HTML
  Parameters: {"id"=>"1"}
  [1m[36mPolicy Load (0.4ms)[0m  [1m[34mSELECT  "policies".* FROM "policies" WHERE "policies"."id" = $1 LIMIT $2[0m  [["id", 1], ["LIMIT", 1]]
  Rendering policies/show.html.erb within layouts/application
  Rendered policies/show.html.erb within layouts/application (0.8ms)
Completed 200 OK in 28ms (Views: 20.7ms | ActiveRecord: 0.6ms)


Started GET "/policies" for ::1 at 2016-08-09 10:20:05 -0600
Processing by PoliciesController#index as HTML
  Rendering policies/index.html.erb within layouts/application
  [1m[36mPolicy Load (0.4ms)[0m  [1m[34mSELECT "policies".* FROM "policies"[0m
  Rendered policies/index.html.erb within layouts/application (2.3ms)
Completed 200 OK in 23ms (Views: 21.1ms | ActiveRecord: 0.4ms)


Started GET "/policies/1" for ::1 at 2016-08-09 10:20:13 -0600
Processing by PoliciesController#show as HTML
  Parameters: {"id"=>"1"}
  [1m[36mPolicy Load (0.2ms)[0m  [1m[34mSELECT  "policies".* FROM "policies" WHERE "policies"."id" = $1 LIMIT $2[0m  [["id", 1], ["LIMIT", 1]]
  Rendering policies/show.html.erb within layouts/application
  Rendered policies/show.html.erb within layouts/application (1.1ms)
Completed 200 OK in 50ms (Views: 45.9ms | ActiveRecord: 0.8ms)


Started GET "/policies/1/edit" for ::1 at 2016-08-09 10:20:14 -0600
Processing by PoliciesController#edit as HTML
  Parameters: {"id"=>"1"}
  [1m[36mPolicy Load (0.2ms)[0m  [1m[34mSELECT  "policies".* FROM "policies" WHERE "policies"."id" = $1 LIMIT $2[0m  [["id", 1], ["LIMIT", 1]]
  Rendering policies/edit.html.erb within layouts/application
  Rendered policies/_form.html.erb (2.8ms)
  Rendered policies/edit.html.erb within layouts/application (6.8ms)
Completed 200 OK in 34ms (Views: 31.2ms | ActiveRecord: 0.2ms)


Started PATCH "/policies/1" for ::1 at 2016-08-09 10:20:17 -0600
Processing by PoliciesController#update as HTML
  Parameters: {"utf8"=>"✓", "authenticity_token"=>"hlGjl3BPZrsYM96dYhEMPLPBkCBM07A6lz+LHDZQ5zqGO+89eNow3rBkHuMnBu2cAO2aNLbQ/+HiV/cZht923Q==", "policy"=>{"name"=>"Fiscal Policy", "left"=>"Left Value", "right"=>"Right Value 2"}, "commit"=>"Update Policy", "id"=>"1"}
  [1m[36mPolicy Load (0.2ms)[0m  [1m[34mSELECT  "policies".* FROM "policies" WHERE "policies"."id" = $1 LIMIT $2[0m  [["id", 1], ["LIMIT", 1]]
  [1m[35m (0.1ms)[0m  [1m[35mBEGIN[0m
  [1m[35mSQL (0.4ms)[0m  [1m[33mUPDATE "policies" SET "right" = $1, "updated_at" = $2 WHERE "policies"."id" = $3[0m  [["right", "Right Value 2"], ["updated_at", 2016-08-09 16:20:17 UTC], ["id", 1]]
  [1m[35m (0.3ms)[0m  [1m[35mCOMMIT[0m
Redirected to http://localhost:3000/policies/1
Completed 302 Found in 6ms (ActiveRecord: 1.1ms)


Started GET "/policies/1" for ::1 at 2016-08-09 10:20:17 -0600
Processing by PoliciesController#show as HTML
  Parameters: {"id"=>"1"}
  [1m[36mPolicy Load (0.2ms)[0m  [1m[34mSELECT  "policies".* FROM "policies" WHERE "policies"."id" = $1 LIMIT $2[0m  [["id", 1], ["LIMIT", 1]]
  Rendering policies/show.html.erb within layouts/application
  Rendered policies/show.html.erb within layouts/application (0.7ms)
Completed 200 OK in 21ms (Views: 18.0ms | ActiveRecord: 0.2ms)


Started GET "/policies" for ::1 at 2016-08-09 10:20:19 -0600
Processing by PoliciesController#index as HTML
  Rendering policies/index.html.erb within layouts/application
  [1m[36mPolicy Load (0.3ms)[0m  [1m[34mSELECT "policies".* FROM "policies"[0m
  Rendered policies/index.html.erb within layouts/application (2.6ms)
Completed 200 OK in 27ms (Views: 25.0ms | ActiveRecord: 0.3ms)


Started GET "/policies" for ::1 at 2016-08-09 10:26:55 -0600
Processing by PoliciesController#index as HTML
  Rendering policies/index.html.erb within layouts/application
  [1m[36mPolicy Load (0.4ms)[0m  [1m[34mSELECT "policies".* FROM "policies"[0m
  Rendered policies/index.html.erb within layouts/application (11.9ms)
Completed 200 OK in 40ms (Views: 33.0ms | ActiveRecord: 2.6ms)


Started GET "/policies/new" for ::1 at 2016-08-09 10:26:56 -0600
Processing by PoliciesController#new as HTML
  Rendering policies/new.html.erb within layouts/application
  Rendered policies/_form.html.erb (3.6ms)
  Rendered policies/new.html.erb within layouts/application (6.3ms)
Completed 200 OK in 33ms (Views: 31.2ms | ActiveRecord: 0.0ms)


Started POST "/policies" for ::1 at 2016-08-09 10:27:13 -0600
Processing by PoliciesController#create as HTML
  Parameters: {"utf8"=>"✓", "authenticity_token"=>"0h5saD0N6vWaFm4dB0jUI2NpF8Dw4flduYD+uSHqV1kK9jHArUEAUPMvEzlDK2VE5smIxuBzQMpDqCccaU+Rtg==", "policy"=>{"name"=>"Foreign Policy", "left"=>"Left Value", "right"=>"Right Value"}, "commit"=>"Create Policy"}
  [1m[35m (0.1ms)[0m  [1m[35mBEGIN[0m
  [1m[35mSQL (0.3ms)[0m  [1m[32mINSERT INTO "policies" ("name", "left", "right", "created_at", "updated_at") VALUES ($1, $2, $3, $4, $5) RETURNING "id"[0m  [["name", "Foreign Policy"], ["left", "Left Value"], ["right", "Right Value"], ["created_at", 2016-08-09 16:27:13 UTC], ["updated_at", 2016-08-09 16:27:13 UTC]]
  [1m[35m (6.3ms)[0m  [1m[35mCOMMIT[0m
No template found for PoliciesController#create, rendering head :no_content
Completed 204 No Content in 49ms (ActiveRecord: 6.6ms)


Started GET "/policies" for ::1 at 2016-08-09 10:27:20 -0600
Processing by PoliciesController#index as HTML
  Rendering policies/index.html.erb within layouts/application
  [1m[36mPolicy Load (0.4ms)[0m  [1m[34mSELECT "policies".* FROM "policies"[0m
  Rendered policies/index.html.erb within layouts/application (2.1ms)
Completed 200 OK in 19ms (Views: 17.4ms | ActiveRecord: 0.4ms)


Started DELETE "/policies/2" for ::1 at 2016-08-09 10:27:25 -0600
Processing by PoliciesController#destroy as HTML
  Parameters: {"authenticity_token"=>"yi+v86vupmKLC2KPNqqhtSdlPl3mLNbES0l8MR0dONYQ+vgND5tFGHLSkD3jGingGle/8LHEDfmQ+GK7Dd51Uw==", "id"=>"2"}
  [1m[36mPolicy Load (0.3ms)[0m  [1m[34mSELECT  "policies".* FROM "policies" WHERE "policies"."id" = $1 LIMIT $2[0m  [["id", 2], ["LIMIT", 1]]
  [1m[36mCACHE (0.0ms)[0m  [1m[34mSELECT  "policies".* FROM "policies" WHERE "policies"."id" = $1 LIMIT $2[0m  [["id", 2], ["LIMIT", 1]]
  [1m[35m (0.1ms)[0m  [1m[35mBEGIN[0m
  [1m[35mSQL (0.3ms)[0m  [1m[31mDELETE FROM "policies" WHERE "policies"."id" = $1[0m  [["id", 2]]
  [1m[35m (0.3ms)[0m  [1m[35mCOMMIT[0m
No template found for PoliciesController#destroy, rendering head :no_content
Completed 204 No Content in 43ms (ActiveRecord: 1.2ms)


Started GET "/policies" for ::1 at 2016-08-09 10:27:26 -0600
Processing by PoliciesController#index as HTML
  Rendering policies/index.html.erb within layouts/application
  [1m[36mPolicy Load (0.3ms)[0m  [1m[34mSELECT "policies".* FROM "policies"[0m
  Rendered policies/index.html.erb within layouts/application (2.2ms)
Completed 200 OK in 29ms (Views: 27.3ms | ActiveRecord: 0.3ms)


Started GET "/policies" for ::1 at 2016-08-09 10:28:34 -0600
Processing by PoliciesController#index as HTML
  Rendering policies/index.html.erb within layouts/application
  [1m[36mPolicy Load (0.2ms)[0m  [1m[34mSELECT "policies".* FROM "policies"[0m
  Rendered policies/index.html.erb within layouts/application (5.7ms)
Completed 200 OK in 29ms (Views: 23.7ms | ActiveRecord: 0.2ms)


Started GET "/policies/new" for ::1 at 2016-08-09 10:28:36 -0600
Processing by PoliciesController#new as HTML
Redirected to http://localhost:3000/policies
Completed 302 Found in 1ms (ActiveRecord: 0.0ms)


Started GET "/policies" for ::1 at 2016-08-09 10:28:36 -0600
Processing by PoliciesController#index as HTML
  Rendering policies/index.html.erb within layouts/application
  [1m[36mPolicy Load (0.3ms)[0m  [1m[34mSELECT "policies".* FROM "policies"[0m
  Rendered policies/index.html.erb within layouts/application (2.0ms)
Completed 200 OK in 25ms (Views: 22.1ms | ActiveRecord: 0.3ms)


Started GET "/policies/new" for ::1 at 2016-08-09 10:28:39 -0600
Processing by PoliciesController#new as HTML
Redirected to http://localhost:3000/policies
Completed 302 Found in 1ms (ActiveRecord: 0.0ms)


Started GET "/policies" for ::1 at 2016-08-09 10:28:39 -0600
Processing by PoliciesController#index as HTML
  Rendering policies/index.html.erb within layouts/application
  [1m[36mPolicy Load (0.2ms)[0m  [1m[34mSELECT "policies".* FROM "policies"[0m
  Rendered policies/index.html.erb within layouts/application (1.7ms)
Completed 200 OK in 24ms (Views: 21.3ms | ActiveRecord: 0.2ms)


Started GET "/policies" for ::1 at 2016-08-09 10:28:49 -0600
Processing by PoliciesController#index as HTML
  Rendering policies/index.html.erb within layouts/application
  [1m[36mPolicy Load (0.2ms)[0m  [1m[34mSELECT "policies".* FROM "policies"[0m
  Rendered policies/index.html.erb within layouts/application (5.0ms)
Completed 200 OK in 21ms (Views: 18.4ms | ActiveRecord: 0.2ms)


Started GET "/policies/new" for ::1 at 2016-08-09 10:28:50 -0600
Processing by PoliciesController#new as HTML
  Rendering policies/new.html.erb within layouts/application
  Rendered policies/_form.html.erb (3.2ms)
  Rendered policies/new.html.erb within layouts/application (5.1ms)
Completed 200 OK in 24ms (Views: 22.7ms | ActiveRecord: 0.0ms)


Started POST "/policies" for ::1 at 2016-08-09 10:28:56 -0600
Processing by PoliciesController#create as HTML
  Parameters: {"utf8"=>"✓", "authenticity_token"=>"vTsAi4PZdyBF+3V7nRMd/BQUa9aQkI8Gz1EYHLRDzQ5l010jE5WdhSzCCF/ZcKybkbT00IACNpE1ecG5/OYL4Q==", "policy"=>{"name"=>"Abortion Policy", "left"=>"Lef", "right"=>""}, "commit"=>"Create Policy"}
  [1m[35m (0.1ms)[0m  [1m[35mBEGIN[0m
  [1m[35mSQL (0.2ms)[0m  [1m[32mINSERT INTO "policies" ("name", "left", "right", "created_at", "updated_at") VALUES ($1, $2, $3, $4, $5) RETURNING "id"[0m  [["name", "Abortion Policy"], ["left", "Lef"], ["right", ""], ["created_at", 2016-08-09 16:28:56 UTC], ["updated_at", 2016-08-09 16:28:56 UTC]]
  [1m[35m (5.6ms)[0m  [1m[35mCOMMIT[0m
Redirected to http://localhost:3000/policies
Completed 302 Found in 8ms (ActiveRecord: 5.9ms)


Started GET "/policies" for ::1 at 2016-08-09 10:28:56 -0600
Processing by PoliciesController#index as HTML
  Rendering policies/index.html.erb within layouts/application
  [1m[36mPolicy Load (0.2ms)[0m  [1m[34mSELECT "policies".* FROM "policies"[0m
  Rendered policies/index.html.erb within layouts/application (1.6ms)
Completed 200 OK in 17ms (Views: 15.0ms | ActiveRecord: 0.2ms)


Started GET "/policies/3/edit" for ::1 at 2016-08-09 10:28:59 -0600
Processing by PoliciesController#edit as HTML
  Parameters: {"id"=>"3"}
  [1m[36mPolicy Load (0.2ms)[0m  [1m[34mSELECT  "policies".* FROM "policies" WHERE "policies"."id" = $1 LIMIT $2[0m  [["id", 3], ["LIMIT", 1]]
  [1m[36mCACHE (0.0ms)[0m  [1m[34mSELECT  "policies".* FROM "policies" WHERE "policies"."id" = $1 LIMIT $2[0m  [["id", 3], ["LIMIT", 1]]
  Rendering policies/edit.html.erb within layouts/application
  Rendered policies/_form.html.erb (2.3ms)
  Rendered policies/edit.html.erb within layouts/application (4.5ms)
Completed 200 OK in 27ms (Views: 23.0ms | ActiveRecord: 0.4ms)


Started PATCH "/policies/3" for ::1 at 2016-08-09 10:29:03 -0600
Processing by PoliciesController#update as HTML
  Parameters: {"utf8"=>"✓", "authenticity_token"=>"cfXqIJKYwEf24kbjXFn2JNpcJA/I3VFtOCoVzuFH9XrGB2uYLhxLheDFnWoLbHa24wbLJll1Og7sc+Txnx/w7g==", "policy"=>{"name"=>"Abortion Policy", "left"=>"Left", "right"=>"Right"}, "commit"=>"Update Policy", "id"=>"3"}
  [1m[36mPolicy Load (0.2ms)[0m  [1m[34mSELECT  "policies".* FROM "policies" WHERE "policies"."id" = $1 LIMIT $2[0m  [["id", 3], ["LIMIT", 1]]
  [1m[36mCACHE (0.0ms)[0m  [1m[34mSELECT  "policies".* FROM "policies" WHERE "policies"."id" = $1 LIMIT $2[0m  [["id", 3], ["LIMIT", 1]]
  [1m[35m (0.1ms)[0m  [1m[35mBEGIN[0m
  [1m[35mSQL (0.4ms)[0m  [1m[33mUPDATE "policies" SET "left" = $1, "right" = $2, "updated_at" = $3 WHERE "policies"."id" = $4[0m  [["left", "Left"], ["right", "Right"], ["updated_at", 2016-08-09 16:29:03 UTC], ["id", 3]]
  [1m[35m (6.2ms)[0m  [1m[35mCOMMIT[0m
Redirected to http://localhost:3000/policies/3
Completed 302 Found in 12ms (ActiveRecord: 6.9ms)


Started GET "/policies/3" for ::1 at 2016-08-09 10:29:03 -0600
Processing by PoliciesController#show as HTML
  Parameters: {"id"=>"3"}
  [1m[36mPolicy Load (0.2ms)[0m  [1m[34mSELECT  "policies".* FROM "policies" WHERE "policies"."id" = $1 LIMIT $2[0m  [["id", 3], ["LIMIT", 1]]
  [1m[36mCACHE (0.0ms)[0m  [1m[34mSELECT  "policies".* FROM "policies" WHERE "policies"."id" = $1 LIMIT $2[0m  [["id", 3], ["LIMIT", 1]]
  Rendering policies/show.html.erb within layouts/application
  Rendered policies/show.html.erb within layouts/application (0.7ms)
Completed 200 OK in 18ms (Views: 16.1ms | ActiveRecord: 0.2ms)


Started GET "/policies" for ::1 at 2016-08-09 10:29:06 -0600
Processing by PoliciesController#index as HTML
  Rendering policies/index.html.erb within layouts/application
  [1m[36mPolicy Load (0.3ms)[0m  [1m[34mSELECT "policies".* FROM "policies"[0m
  Rendered policies/index.html.erb within layouts/application (2.8ms)
Completed 200 OK in 24ms (Views: 21.9ms | ActiveRecord: 0.3ms)


Started DELETE "/policies/3" for ::1 at 2016-08-09 10:29:26 -0600
Processing by PoliciesController#destroy as HTML
  Parameters: {"authenticity_token"=>"4tyduHeex/ZbxWkL4bAT3rBkRTAouyUe2ZOssU9zpvE4CcpG0+skjKIcm7k0AJuLjVbEnX9T/iMCIrI7X7DrdA==", "id"=>"3"}
  [1m[36mPolicy Load (0.3ms)[0m  [1m[34mSELECT  "policies".* FROM "policies" WHERE "policies"."id" = $1 LIMIT $2[0m  [["id", 3], ["LIMIT", 1]]
  [1m[36mCACHE (0.1ms)[0m  [1m[34mSELECT  "policies".* FROM "policies" WHERE "policies"."id" = $1 LIMIT $2[0m  [["id", 3], ["LIMIT", 1]]
  [1m[35m (0.1ms)[0m  [1m[35mBEGIN[0m
  [1m[35mSQL (0.4ms)[0m  [1m[31mDELETE FROM "policies" WHERE "policies"."id" = $1[0m  [["id", 3]]
  [1m[35m (2.0ms)[0m  [1m[35mCOMMIT[0m
Redirected to http://localhost:3000/policies
Completed 302 Found in 6ms (ActiveRecord: 2.8ms)


Started GET "/policies" for ::1 at 2016-08-09 10:29:26 -0600
Processing by PoliciesController#index as HTML
  Rendering policies/index.html.erb within layouts/application
  [1m[36mPolicy Load (0.2ms)[0m  [1m[34mSELECT "policies".* FROM "policies"[0m
  Rendered policies/index.html.erb within layouts/application (1.5ms)
Completed 200 OK in 20ms (Views: 18.6ms | ActiveRecord: 0.2ms)


  [1m[35mSQL (0.3ms)[0m  [1m[35mCREATE EXTENSION IF NOT EXISTS "plpgsql"[0m
  [1m[35m (22.3ms)[0m  [1m[35mCREATE TABLE "policies" ("id" serial primary key, "name" character varying, "left" character varying, "right" character varying, "created_at" timestamp NOT NULL, "updated_at" timestamp NOT NULL)[0m
  [1m[35m (3.1ms)[0m  [1m[35mCREATE TABLE "schema_migrations" ("version" character varying PRIMARY KEY)[0m
  [1m[35m (0.5ms)[0m  [1m[34mSELECT version FROM "schema_migrations"[0m
  [1m[35m (0.4ms)[0m  [1m[32mINSERT INTO "schema_migrations" (version) VALUES ('20160809161753')[0m
  [1m[35m (20.3ms)[0m  [1m[35mCREATE TABLE "ar_internal_metadata" ("key" character varying PRIMARY KEY, "value" character varying, "created_at" timestamp NOT NULL, "updated_at" timestamp NOT NULL)[0m
  [1m[36mActiveRecord::InternalMetadata Load (0.4ms)[0m  [1m[34mSELECT  "ar_internal_metadata".* FROM "ar_internal_metadata" WHERE "ar_internal_metadata"."key" = $1 LIMIT $2[0m  [["key", :environment], ["LIMIT", 1]]
  [1m[35m (0.1ms)[0m  [1m[35mBEGIN[0m
  [1m[35mSQL (0.4ms)[0m  [1m[32mINSERT INTO "ar_internal_metadata" ("key", "value", "created_at", "updated_at") VALUES ($1, $2, $3, $4) RETURNING "key"[0m  [["key", "environment"], ["value", "development"], ["created_at", 2016-08-09 16:53:58 UTC], ["updated_at", 2016-08-09 16:53:58 UTC]]
  [1m[35m (6.2ms)[0m  [1m[35mCOMMIT[0m
  [1m[36mActiveRecord::InternalMetadata Load (0.2ms)[0m  [1m[34mSELECT  "ar_internal_metadata".* FROM "ar_internal_metadata" WHERE "ar_internal_metadata"."key" = $1 LIMIT $2[0m  [["key", :environment], ["LIMIT", 1]]
  [1m[35m (0.1ms)[0m  [1m[35mBEGIN[0m
  [1m[35m (0.1ms)[0m  [1m[35mCOMMIT[0m
  [1m[35mSQL (0.3ms)[0m  [1m[35mCREATE EXTENSION IF NOT EXISTS "plpgsql"[0m
  [1m[35m (4.9ms)[0m  [1m[35mCREATE TABLE "policies" ("id" serial primary key, "name" character varying, "left" character varying, "right" character varying, "created_at" timestamp NOT NULL, "updated_at" timestamp NOT NULL)[0m
  [1m[35m (1.8ms)[0m  [1m[35mCREATE TABLE "schema_migrations" ("version" character varying PRIMARY KEY)[0m
  [1m[35m (0.2ms)[0m  [1m[34mSELECT version FROM "schema_migrations"[0m
  [1m[35m (0.3ms)[0m  [1m[32mINSERT INTO "schema_migrations" (version) VALUES ('20160809161753')[0m
  [1m[35m (2.3ms)[0m  [1m[35mCREATE TABLE "ar_internal_metadata" ("key" character varying PRIMARY KEY, "value" character varying, "created_at" timestamp NOT NULL, "updated_at" timestamp NOT NULL)[0m
  [1m[36mActiveRecord::InternalMetadata Load (0.3ms)[0m  [1m[34mSELECT  "ar_internal_metadata".* FROM "ar_internal_metadata" WHERE "ar_internal_metadata"."key" = $1 LIMIT $2[0m  [["key", :environment], ["LIMIT", 1]]
  [1m[35m (0.1ms)[0m  [1m[35mBEGIN[0m
  [1m[35mSQL (0.3ms)[0m  [1m[32mINSERT INTO "ar_internal_metadata" ("key", "value", "created_at", "updated_at") VALUES ($1, $2, $3, $4) RETURNING "key"[0m  [["key", "environment"], ["value", "development"], ["created_at", 2016-08-09 16:53:58 UTC], ["updated_at", 2016-08-09 16:53:58 UTC]]
  [1m[35m (0.2ms)[0m  [1m[35mCOMMIT[0m
  [1m[36mActiveRecord::InternalMetadata Load (0.2ms)[0m  [1m[34mSELECT  "ar_internal_metadata".* FROM "ar_internal_metadata" WHERE "ar_internal_metadata"."key" = $1 LIMIT $2[0m  [["key", :environment], ["LIMIT", 1]]
  [1m[35m (0.1ms)[0m  [1m[35mBEGIN[0m
  [1m[35m (0.1ms)[0m  [1m[35mCOMMIT[0m
  [1m[36mActiveRecord::SchemaMigration Load (0.3ms)[0m  [1m[34mSELECT "schema_migrations".* FROM "schema_migrations"[0m
Started GET "/" for ::1 at 2016-08-09 11:01:22 -0600
  [1m[36mActiveRecord::SchemaMigration Load (0.4ms)[0m  [1m[34mSELECT "schema_migrations".* FROM "schema_migrations"[0m
  
ActiveRecord::PendingMigrationError (

Migrations are pending. To resolve this issue, run:

	bin/rails db:migrate RAILS_ENV=development

):
  
activerecord (5.0.0) lib/active_record/migration.rb:572:in `check_pending!'
activerecord (5.0.0) lib/active_record/migration.rb:548:in `call'
actionpack (5.0.0) lib/action_dispatch/middleware/callbacks.rb:38:in `block in call'
activesupport (5.0.0) lib/active_support/callbacks.rb:97:in `__run_callbacks__'
activesupport (5.0.0) lib/active_support/callbacks.rb:750:in `_run_call_callbacks'
activesupport (5.0.0) lib/active_support/callbacks.rb:90:in `run_callbacks'
actionpack (5.0.0) lib/action_dispatch/middleware/callbacks.rb:36:in `call'
actionpack (5.0.0) lib/action_dispatch/middleware/executor.rb:12:in `call'
actionpack (5.0.0) lib/action_dispatch/middleware/remote_ip.rb:79:in `call'
actionpack (5.0.0) lib/action_dispatch/middleware/debug_exceptions.rb:49:in `call'
web-console (3.3.1) lib/web_console/middleware.rb:131:in `call_app'
web-console (3.3.1) lib/web_console/middleware.rb:28:in `block in call'
web-console (3.3.1) lib/web_console/middleware.rb:18:in `catch'
web-console (3.3.1) lib/web_console/middleware.rb:18:in `call'
actionpack (5.0.0) lib/action_dispatch/middleware/show_exceptions.rb:31:in `call'
railties (5.0.0) lib/rails/rack/logger.rb:36:in `call_app'
railties (5.0.0) lib/rails/rack/logger.rb:24:in `block in call'
activesupport (5.0.0) lib/active_support/tagged_logging.rb:70:in `block in tagged'
activesupport (5.0.0) lib/active_support/tagged_logging.rb:26:in `tagged'
activesupport (5.0.0) lib/active_support/tagged_logging.rb:70:in `tagged'
railties (5.0.0) lib/rails/rack/logger.rb:24:in `call'
sprockets-rails (3.1.1) lib/sprockets/rails/quiet_assets.rb:13:in `call'
actionpack (5.0.0) lib/action_dispatch/middleware/request_id.rb:24:in `call'
rack (2.0.1) lib/rack/method_override.rb:22:in `call'
rack (2.0.1) lib/rack/runtime.rb:22:in `call'
activesupport (5.0.0) lib/active_support/cache/strategy/local_cache_middleware.rb:28:in `call'
actionpack (5.0.0) lib/action_dispatch/middleware/executor.rb:12:in `call'
actionpack (5.0.0) lib/action_dispatch/middleware/static.rb:136:in `call'
rack (2.0.1) lib/rack/sendfile.rb:111:in `call'
railties (5.0.0) lib/rails/engine.rb:522:in `call'
puma (3.6.0) lib/puma/configuration.rb:225:in `call'
puma (3.6.0) lib/puma/server.rb:578:in `handle_request'
puma (3.6.0) lib/puma/server.rb:415:in `process_client'
puma (3.6.0) lib/puma/server.rb:275:in `block in run'
puma (3.6.0) lib/puma/thread_pool.rb:116:in `call'
puma (3.6.0) lib/puma/thread_pool.rb:116:in `block in spawn_thread'
  Rendering /Users/Ursetta/.rbenv/versions/2.2.5/lib/ruby/gems/2.2.0/gems/actionpack-5.0.0/lib/action_dispatch/middleware/templates/rescues/diagnostics.html.erb within rescues/layout
  Rendering /Users/Ursetta/.rbenv/versions/2.2.5/lib/ruby/gems/2.2.0/gems/actionpack-5.0.0/lib/action_dispatch/middleware/templates/rescues/_source.html.erb
  Rendered /Users/Ursetta/.rbenv/versions/2.2.5/lib/ruby/gems/2.2.0/gems/actionpack-5.0.0/lib/action_dispatch/middleware/templates/rescues/_source.html.erb (3.6ms)
  Rendering /Users/Ursetta/.rbenv/versions/2.2.5/lib/ruby/gems/2.2.0/gems/actionpack-5.0.0/lib/action_dispatch/middleware/templates/rescues/_trace.html.erb
  Rendered /Users/Ursetta/.rbenv/versions/2.2.5/lib/ruby/gems/2.2.0/gems/actionpack-5.0.0/lib/action_dispatch/middleware/templates/rescues/_trace.html.erb (1.9ms)
  Rendering /Users/Ursetta/.rbenv/versions/2.2.5/lib/ruby/gems/2.2.0/gems/actionpack-5.0.0/lib/action_dispatch/middleware/templates/rescues/_request_and_response.html.erb
  Rendered /Users/Ursetta/.rbenv/versions/2.2.5/lib/ruby/gems/2.2.0/gems/actionpack-5.0.0/lib/action_dispatch/middleware/templates/rescues/_request_and_response.html.erb (1.0ms)
  Rendered /Users/Ursetta/.rbenv/versions/2.2.5/lib/ruby/gems/2.2.0/gems/actionpack-5.0.0/lib/action_dispatch/middleware/templates/rescues/diagnostics.html.erb within rescues/layout (98.7ms)
  [1m[35m (0.2ms)[0m  [1m[34mSELECT pg_try_advisory_lock(1978138525877145240);[0m
  [1m[36mActiveRecord::SchemaMigration Load (0.4ms)[0m  [1m[34mSELECT "schema_migrations".* FROM "schema_migrations"[0m
Migrating to CreateUsers (20160809165315)
  [1m[35m (0.3ms)[0m  [1m[35mBEGIN[0m
  [1m[35m (15.9ms)[0m  [1m[35mCREATE TABLE "users" ("id" serial primary key, "first_name" character varying, "last_name" character varying, "location" character varying, "party" character varying, "email" character varying, "profile_pic" character varying, "password_digest" character varying, "created_at" timestamp NOT NULL, "updated_at" timestamp NOT NULL)[0m
  [1m[35mSQL (0.3ms)[0m  [1m[32mINSERT INTO "schema_migrations" ("version") VALUES ($1) RETURNING "version"[0m  [["version", "20160809165315"]]
  [1m[35m (0.7ms)[0m  [1m[35mCOMMIT[0m
  [1m[36mActiveRecord::InternalMetadata Load (0.3ms)[0m  [1m[34mSELECT  "ar_internal_metadata".* FROM "ar_internal_metadata" WHERE "ar_internal_metadata"."key" = $1 LIMIT $2[0m  [["key", :environment], ["LIMIT", 1]]
  [1m[35m (0.1ms)[0m  [1m[35mBEGIN[0m
  [1m[35m (0.1ms)[0m  [1m[35mCOMMIT[0m
  [1m[35m (0.2ms)[0m  [1m[34mSELECT pg_advisory_unlock(1978138525877145240)[0m
  [1m[36mActiveRecord::SchemaMigration Load (0.2ms)[0m  [1m[34mSELECT "schema_migrations".* FROM "schema_migrations"[0m
  [1m[35m (4.6ms)[0m  [1m[34mSELECT t2.oid::regclass::text AS to_table, a1.attname AS column, a2.attname AS primary_key, c.conname AS name, c.confupdtype AS on_update, c.confdeltype AS on_delete
FROM pg_constraint c
JOIN pg_class t1 ON c.conrelid = t1.oid
JOIN pg_class t2 ON c.confrelid = t2.oid
JOIN pg_attribute a1 ON a1.attnum = c.conkey[1] AND a1.attrelid = t1.oid
JOIN pg_attribute a2 ON a2.attnum = c.confkey[1] AND a2.attrelid = t2.oid
JOIN pg_namespace t3 ON c.connamespace = t3.oid
WHERE c.contype = 'f'
  AND t1.relname = 'policies'
  AND t3.nspname = ANY (current_schemas(false))
ORDER BY c.conname
[0m
  [1m[35m (4.0ms)[0m  [1m[34mSELECT t2.oid::regclass::text AS to_table, a1.attname AS column, a2.attname AS primary_key, c.conname AS name, c.confupdtype AS on_update, c.confdeltype AS on_delete
FROM pg_constraint c
JOIN pg_class t1 ON c.conrelid = t1.oid
JOIN pg_class t2 ON c.confrelid = t2.oid
JOIN pg_attribute a1 ON a1.attnum = c.conkey[1] AND a1.attrelid = t1.oid
JOIN pg_attribute a2 ON a2.attnum = c.confkey[1] AND a2.attrelid = t2.oid
JOIN pg_namespace t3 ON c.connamespace = t3.oid
WHERE c.contype = 'f'
  AND t1.relname = 'users'
  AND t3.nspname = ANY (current_schemas(false))
ORDER BY c.conname
[0m
Started GET "/" for ::1 at 2016-08-09 11:01:48 -0600
  [1m[36mActiveRecord::SchemaMigration Load (0.4ms)[0m  [1m[34mSELECT "schema_migrations".* FROM "schema_migrations"[0m
Processing by Rails::WelcomeController#index as HTML
  Parameters: {"internal"=>true}
  Rendering /Users/Ursetta/.rbenv/versions/2.2.5/lib/ruby/gems/2.2.0/gems/railties-5.0.0/lib/rails/templates/rails/welcome/index.html.erb
  Rendered /Users/Ursetta/.rbenv/versions/2.2.5/lib/ruby/gems/2.2.0/gems/railties-5.0.0/lib/rails/templates/rails/welcome/index.html.erb (9.3ms)
Completed 200 OK in 29ms (Views: 15.6ms | ActiveRecord: 0.0ms)


Started GET "/users" for ::1 at 2016-08-09 11:01:52 -0600
  
SyntaxError (/Users/Ursetta/wdi/politicator/app/controllers/users_controller.rb:61: syntax error, unexpected keyword_end, expecting end-of-input):
  
app/controllers/users_controller.rb:61: syntax error, unexpected keyword_end, expecting end-of-input
  Rendering /Users/Ursetta/.rbenv/versions/2.2.5/lib/ruby/gems/2.2.0/gems/actionpack-5.0.0/lib/action_dispatch/middleware/templates/rescues/diagnostics.html.erb within rescues/layout
  Rendering /Users/Ursetta/.rbenv/versions/2.2.5/lib/ruby/gems/2.2.0/gems/actionpack-5.0.0/lib/action_dispatch/middleware/templates/rescues/_source.html.erb
  Rendered /Users/Ursetta/.rbenv/versions/2.2.5/lib/ruby/gems/2.2.0/gems/actionpack-5.0.0/lib/action_dispatch/middleware/templates/rescues/_source.html.erb (8.6ms)
  Rendering /Users/Ursetta/.rbenv/versions/2.2.5/lib/ruby/gems/2.2.0/gems/actionpack-5.0.0/lib/action_dispatch/middleware/templates/rescues/_trace.html.erb
  Rendered /Users/Ursetta/.rbenv/versions/2.2.5/lib/ruby/gems/2.2.0/gems/actionpack-5.0.0/lib/action_dispatch/middleware/templates/rescues/_trace.html.erb (3.0ms)
  Rendering /Users/Ursetta/.rbenv/versions/2.2.5/lib/ruby/gems/2.2.0/gems/actionpack-5.0.0/lib/action_dispatch/middleware/templates/rescues/_request_and_response.html.erb
  Rendered /Users/Ursetta/.rbenv/versions/2.2.5/lib/ruby/gems/2.2.0/gems/actionpack-5.0.0/lib/action_dispatch/middleware/templates/rescues/_request_and_response.html.erb (1.1ms)
  Rendered /Users/Ursetta/.rbenv/versions/2.2.5/lib/ruby/gems/2.2.0/gems/actionpack-5.0.0/lib/action_dispatch/middleware/templates/rescues/diagnostics.html.erb within rescues/layout (109.2ms)
Started GET "/users" for ::1 at 2016-08-09 11:02:07 -0600
Processing by UsersController#index as HTML
  Rendering users/index.html.erb within layouts/application
  [1m[36mUser Load (0.5ms)[0m  [1m[34mSELECT "users".* FROM "users"[0m
  Rendered users/index.html.erb within layouts/application (5.2ms)
Completed 200 OK in 479ms (Views: 472.7ms | ActiveRecord: 2.3ms)


Started GET "/users/new" for ::1 at 2016-08-09 11:02:20 -0600
Processing by UsersController#new as HTML
  Rendering users/new.html.erb within layouts/application
  Rendered users/_form.html.erb (17.1ms)
  Rendered users/new.html.erb within layouts/application (19.0ms)
Completed 200 OK in 54ms (Views: 40.8ms | ActiveRecord: 3.2ms)


Started POST "/users" for ::1 at 2016-08-09 11:03:44 -0600
Processing by UsersController#create as HTML
  Parameters: {"utf8"=>"✓", "authenticity_token"=>"0thpfz2P01FR98NsE5x5zWnqYD0IFQA+U4rju1BPO/9cw01iJSAcF+DxquzwuNdbNXptqhBWwF1Fut6I3LKfCQ==", "user"=>{"first_name"=>"Nick", "last_name"=>"Ursetta", "location"=>"Denver, CO", "party"=>"Independent", "email"=>"n_ursetta@yahoo.com", "profile_pic"=>"https://media.licdn.com/mpr/mpr/shrinknp_400_400/p/4/000/16f/3e1/15e36cb.jpg", "password_digest"=>"[FILTERED]"}, "commit"=>"Create User"}
  [1m[35m (0.1ms)[0m  [1m[35mBEGIN[0m
  [1m[35mSQL (0.8ms)[0m  [1m[32mINSERT INTO "users" ("first_name", "last_name", "location", "party", "email", "profile_pic", "password_digest", "created_at", "updated_at") VALUES ($1, $2, $3, $4, $5, $6, $7, $8, $9) RETURNING "id"[0m  [["first_name", "Nick"], ["last_name", "Ursetta"], ["location", "Denver, CO"], ["party", "Independent"], ["email", "n_ursetta@yahoo.com"], ["profile_pic", "https://media.licdn.com/mpr/mpr/shrinknp_400_400/p/4/000/16f/3e1/15e36cb.jpg"], ["password_digest", "12345"], ["created_at", 2016-08-09 17:03:44 UTC], ["updated_at", 2016-08-09 17:03:44 UTC]]
  [1m[35m (5.8ms)[0m  [1m[35mCOMMIT[0m
Redirected to http://localhost:3000/users
Completed 302 Found in 13ms (ActiveRecord: 6.7ms)


Started GET "/users" for ::1 at 2016-08-09 11:03:44 -0600
Processing by UsersController#index as HTML
  Rendering users/index.html.erb within layouts/application
  [1m[36mUser Load (0.6ms)[0m  [1m[34mSELECT "users".* FROM "users"[0m
  Rendered users/index.html.erb within layouts/application (2.6ms)
Completed 200 OK in 27ms (Views: 24.8ms | ActiveRecord: 0.6ms)


Started DELETE "/users/1" for ::1 at 2016-08-09 11:03:51 -0600
Processing by UsersController#destroy as HTML
  Parameters: {"authenticity_token"=>"Oc/GwSdBFiimwbERw42n+PFBysMrCyknTXEoE3B6fZdS/Ka1t9wSly+0WglCBw+Z4P9/VPd2sCZF94XQBmT4zg==", "id"=>"1"}
  [1m[36mUser Load (0.4ms)[0m  [1m[34mSELECT  "users".* FROM "users" WHERE "users"."id" = $1 LIMIT $2[0m  [["id", 1], ["LIMIT", 1]]
  [1m[36mCACHE (0.0ms)[0m  [1m[34mSELECT  "users".* FROM "users" WHERE "users"."id" = $1 LIMIT $2[0m  [["id", 1], ["LIMIT", 1]]
  [1m[35m (0.1ms)[0m  [1m[35mBEGIN[0m
  [1m[35mSQL (0.3ms)[0m  [1m[31mDELETE FROM "users" WHERE "users"."id" = $1[0m  [["id", 1]]
  [1m[35m (6.0ms)[0m  [1m[35mCOMMIT[0m
Redirected to http://localhost:3000/users
Completed 302 Found in 17ms (ActiveRecord: 7.0ms)


Started GET "/users" for ::1 at 2016-08-09 11:03:51 -0600
Processing by UsersController#index as HTML
  Rendering users/index.html.erb within layouts/application
  [1m[36mUser Load (0.3ms)[0m  [1m[34mSELECT "users".* FROM "users"[0m
  Rendered users/index.html.erb within layouts/application (1.6ms)
Completed 200 OK in 28ms (Views: 25.4ms | ActiveRecord: 0.3ms)


Started GET "/users/new" for ::1 at 2016-08-09 11:03:53 -0600
Processing by UsersController#new as HTML
  Rendering users/new.html.erb within layouts/application
  Rendered users/_form.html.erb (29.2ms)
  Rendered users/new.html.erb within layouts/application (31.2ms)
Completed 200 OK in 58ms (Views: 56.6ms | ActiveRecord: 0.0ms)


Started POST "/users" for ::1 at 2016-08-09 11:04:02 -0600
Processing by UsersController#create as HTML
  Parameters: {"utf8"=>"✓", "authenticity_token"=>"iOcJfyedoPDrBsd4S7aQf1REZZIOaBeXpJJSdqlqJ2sG/C1iPzJvtloArviokj7pCNRoBRYr1/Syom9FJZeDnQ==", "user"=>{"first_name"=>"qwer", "last_name"=>"qewr", "location"=>"qer", "party"=>"qwer", "email"=>"qewr", "profile_pic"=>"qerw", "password_digest"=>"[FILTERED]"}, "commit"=>"Create User"}
  [1m[35m (0.1ms)[0m  [1m[35mBEGIN[0m
  [1m[35mSQL (0.3ms)[0m  [1m[32mINSERT INTO "users" ("first_name", "last_name", "location", "party", "email", "profile_pic", "password_digest", "created_at", "updated_at") VALUES ($1, $2, $3, $4, $5, $6, $7, $8, $9) RETURNING "id"[0m  [["first_name", "qwer"], ["last_name", "qewr"], ["location", "qer"], ["party", "qwer"], ["email", "qewr"], ["profile_pic", "qerw"], ["password_digest", "qewr"], ["created_at", 2016-08-09 17:04:02 UTC], ["updated_at", 2016-08-09 17:04:02 UTC]]
  [1m[35m (5.7ms)[0m  [1m[35mCOMMIT[0m
Redirected to http://localhost:3000/users
Completed 302 Found in 9ms (ActiveRecord: 6.1ms)


Started GET "/users" for ::1 at 2016-08-09 11:04:02 -0600
Processing by UsersController#index as HTML
  Rendering users/index.html.erb within layouts/application
  [1m[36mUser Load (0.3ms)[0m  [1m[34mSELECT "users".* FROM "users"[0m
  Rendered users/index.html.erb within layouts/application (3.7ms)
Completed 200 OK in 36ms (Views: 33.9ms | ActiveRecord: 0.3ms)


Started GET "/users/2/edit" for ::1 at 2016-08-09 11:04:04 -0600
Processing by UsersController#edit as HTML
  Parameters: {"id"=>"2"}
  [1m[36mUser Load (0.3ms)[0m  [1m[34mSELECT  "users".* FROM "users" WHERE "users"."id" = $1 LIMIT $2[0m  [["id", 2], ["LIMIT", 1]]
  [1m[36mCACHE (0.0ms)[0m  [1m[34mSELECT  "users".* FROM "users" WHERE "users"."id" = $1 LIMIT $2[0m  [["id", 2], ["LIMIT", 1]]
  Rendering users/edit.html.erb within layouts/application
  Rendered users/_form.html.erb (4.8ms)
  Rendered users/edit.html.erb within layouts/application (6.7ms)
Completed 200 OK in 38ms (Views: 35.2ms | ActiveRecord: 0.3ms)


Started PATCH "/users/2" for ::1 at 2016-08-09 11:04:09 -0600
Processing by UsersController#update as HTML
  Parameters: {"utf8"=>"✓", "authenticity_token"=>"Indauv88YZo4JM6ToAZDhUjYpwO1ezhoU/tZkbctdKG+Y3QxwQL8OjpU9/pUlgUZx/I68jfO2VcAJpW379s5Ig==", "user"=>{"first_name"=>"123412341234qwer", "last_name"=>"qewr", "location"=>"qer", "party"=>"qwer", "email"=>"qewr", "profile_pic"=>"qerw", "password_digest"=>"[FILTERED]"}, "commit"=>"Update User", "id"=>"2"}
  [1m[36mUser Load (0.2ms)[0m  [1m[34mSELECT  "users".* FROM "users" WHERE "users"."id" = $1 LIMIT $2[0m  [["id", 2], ["LIMIT", 1]]
  [1m[36mCACHE (0.0ms)[0m  [1m[34mSELECT  "users".* FROM "users" WHERE "users"."id" = $1 LIMIT $2[0m  [["id", 2], ["LIMIT", 1]]
  [1m[35m (0.1ms)[0m  [1m[35mBEGIN[0m
  [1m[35mSQL (0.4ms)[0m  [1m[33mUPDATE "users" SET "first_name" = $1, "updated_at" = $2 WHERE "users"."id" = $3[0m  [["first_name", "123412341234qwer"], ["updated_at", 2016-08-09 17:04:09 UTC], ["id", 2]]
  [1m[35m (5.6ms)[0m  [1m[35mCOMMIT[0m
Redirected to http://localhost:3000/users/2
Completed 302 Found in 11ms (ActiveRecord: 6.4ms)


Started GET "/users/2" for ::1 at 2016-08-09 11:04:09 -0600
Processing by UsersController#show as HTML
  Parameters: {"id"=>"2"}
  [1m[36mUser Load (0.6ms)[0m  [1m[34mSELECT  "users".* FROM "users" WHERE "users"."id" = $1 LIMIT $2[0m  [["id", 2], ["LIMIT", 1]]
  [1m[36mCACHE (0.0ms)[0m  [1m[34mSELECT  "users".* FROM "users" WHERE "users"."id" = $1 LIMIT $2[0m  [["id", 2], ["LIMIT", 1]]
  Rendering users/show.html.erb within layouts/application
  Rendered users/show.html.erb within layouts/application (1.0ms)
Completed 200 OK in 32ms (Views: 29.2ms | ActiveRecord: 0.6ms)


Started GET "/users" for ::1 at 2016-08-09 11:04:11 -0600
Processing by UsersController#index as HTML
  Rendering users/index.html.erb within layouts/application
  [1m[36mUser Load (0.3ms)[0m  [1m[34mSELECT "users".* FROM "users"[0m
  Rendered users/index.html.erb within layouts/application (8.8ms)
Completed 200 OK in 40ms (Views: 38.0ms | ActiveRecord: 0.3ms)


Started GET "/users/2" for ::1 at 2016-08-09 11:04:13 -0600
Processing by UsersController#show as HTML
  Parameters: {"id"=>"2"}
  [1m[36mUser Load (0.4ms)[0m  [1m[34mSELECT  "users".* FROM "users" WHERE "users"."id" = $1 LIMIT $2[0m  [["id", 2], ["LIMIT", 1]]
  [1m[36mCACHE (0.0ms)[0m  [1m[34mSELECT  "users".* FROM "users" WHERE "users"."id" = $1 LIMIT $2[0m  [["id", 2], ["LIMIT", 1]]
  Rendering users/show.html.erb within layouts/application
  Rendered users/show.html.erb within layouts/application (1.4ms)
Completed 200 OK in 38ms (Views: 34.1ms | ActiveRecord: 0.6ms)


Started DELETE "/users/2" for ::1 at 2016-08-09 11:04:20 -0600
Processing by UsersController#destroy as HTML
  Parameters: {"authenticity_token"=>"Pug1Jv/3YSYJovPooCDp4FC7qVckp6YHStIF9NoPdPNV21VSb2plmYDXGPAhqkGBQQUcwPjaPwZCVKg3rBHxqg==", "id"=>"2"}
  [1m[36mUser Load (0.3ms)[0m  [1m[34mSELECT  "users".* FROM "users" WHERE "users"."id" = $1 LIMIT $2[0m  [["id", 2], ["LIMIT", 1]]
  [1m[36mCACHE (0.0ms)[0m  [1m[34mSELECT  "users".* FROM "users" WHERE "users"."id" = $1 LIMIT $2[0m  [["id", 2], ["LIMIT", 1]]
  [1m[35m (0.1ms)[0m  [1m[35mBEGIN[0m
  [1m[35mSQL (0.2ms)[0m  [1m[31mDELETE FROM "users" WHERE "users"."id" = $1[0m  [["id", 2]]
  [1m[35m (3.1ms)[0m  [1m[35mCOMMIT[0m
Redirected to http://localhost:3000/users
Completed 302 Found in 6ms (ActiveRecord: 3.7ms)


Started GET "/users" for ::1 at 2016-08-09 11:04:20 -0600
Processing by UsersController#index as HTML
  Rendering users/index.html.erb within layouts/application
  [1m[36mUser Load (0.2ms)[0m  [1m[34mSELECT "users".* FROM "users"[0m
  Rendered users/index.html.erb within layouts/application (1.7ms)
Completed 200 OK in 38ms (Views: 35.9ms | ActiveRecord: 0.2ms)


Started GET "/users" for ::1 at 2016-08-09 11:12:24 -0600
  
SyntaxError (/Users/Ursetta/wdi/politicator/config/routes.rb:5: syntax error, unexpected tSTRING_BEG, expecting keyword_do or '{' or '('
  get "/sign_in", to "sessions#new"
                      ^):
  
config/routes.rb:5: syntax error, unexpected tSTRING_BEG, expecting keyword_do or '{' or '('
  Rendering /Users/Ursetta/.rbenv/versions/2.2.5/lib/ruby/gems/2.2.0/gems/actionpack-5.0.0/lib/action_dispatch/middleware/templates/rescues/diagnostics.html.erb within rescues/layout
  Rendering /Users/Ursetta/.rbenv/versions/2.2.5/lib/ruby/gems/2.2.0/gems/actionpack-5.0.0/lib/action_dispatch/middleware/templates/rescues/_source.html.erb
  Rendered /Users/Ursetta/.rbenv/versions/2.2.5/lib/ruby/gems/2.2.0/gems/actionpack-5.0.0/lib/action_dispatch/middleware/templates/rescues/_source.html.erb (9.7ms)
  Rendering /Users/Ursetta/.rbenv/versions/2.2.5/lib/ruby/gems/2.2.0/gems/actionpack-5.0.0/lib/action_dispatch/middleware/templates/rescues/_trace.html.erb
  Rendered /Users/Ursetta/.rbenv/versions/2.2.5/lib/ruby/gems/2.2.0/gems/actionpack-5.0.0/lib/action_dispatch/middleware/templates/rescues/_trace.html.erb (4.5ms)
  Rendering /Users/Ursetta/.rbenv/versions/2.2.5/lib/ruby/gems/2.2.0/gems/actionpack-5.0.0/lib/action_dispatch/middleware/templates/rescues/_request_and_response.html.erb
  Rendered /Users/Ursetta/.rbenv/versions/2.2.5/lib/ruby/gems/2.2.0/gems/actionpack-5.0.0/lib/action_dispatch/middleware/templates/rescues/_request_and_response.html.erb (0.8ms)
  Rendered /Users/Ursetta/.rbenv/versions/2.2.5/lib/ruby/gems/2.2.0/gems/actionpack-5.0.0/lib/action_dispatch/middleware/templates/rescues/diagnostics.html.erb within rescues/layout (94.1ms)
Started GET "/users" for ::1 at 2016-08-09 11:12:46 -0600
  
SyntaxError (/Users/Ursetta/wdi/politicator/config/routes.rb:5: syntax error, unexpected tSTRING_BEG, expecting keyword_do or '{' or '('
  get "/sign_in", to "sessions#new"
                      ^):
  
config/routes.rb:5: syntax error, unexpected tSTRING_BEG, expecting keyword_do or '{' or '('
  Rendering /Users/Ursetta/.rbenv/versions/2.2.5/lib/ruby/gems/2.2.0/gems/actionpack-5.0.0/lib/action_dispatch/middleware/templates/rescues/diagnostics.html.erb within rescues/layout
  Rendering /Users/Ursetta/.rbenv/versions/2.2.5/lib/ruby/gems/2.2.0/gems/actionpack-5.0.0/lib/action_dispatch/middleware/templates/rescues/_source.html.erb
  Rendered /Users/Ursetta/.rbenv/versions/2.2.5/lib/ruby/gems/2.2.0/gems/actionpack-5.0.0/lib/action_dispatch/middleware/templates/rescues/_source.html.erb (5.5ms)
  Rendering /Users/Ursetta/.rbenv/versions/2.2.5/lib/ruby/gems/2.2.0/gems/actionpack-5.0.0/lib/action_dispatch/middleware/templates/rescues/_trace.html.erb
  Rendered /Users/Ursetta/.rbenv/versions/2.2.5/lib/ruby/gems/2.2.0/gems/actionpack-5.0.0/lib/action_dispatch/middleware/templates/rescues/_trace.html.erb (2.5ms)
  Rendering /Users/Ursetta/.rbenv/versions/2.2.5/lib/ruby/gems/2.2.0/gems/actionpack-5.0.0/lib/action_dispatch/middleware/templates/rescues/_request_and_response.html.erb
  Rendered /Users/Ursetta/.rbenv/versions/2.2.5/lib/ruby/gems/2.2.0/gems/actionpack-5.0.0/lib/action_dispatch/middleware/templates/rescues/_request_and_response.html.erb (1.0ms)
  Rendered /Users/Ursetta/.rbenv/versions/2.2.5/lib/ruby/gems/2.2.0/gems/actionpack-5.0.0/lib/action_dispatch/middleware/templates/rescues/diagnostics.html.erb within rescues/layout (84.6ms)
Started GET "/users" for ::1 at 2016-08-09 11:12:54 -0600
  
SyntaxError (/Users/Ursetta/wdi/politicator/config/routes.rb:5: syntax error, unexpected tSTRING_BEG, expecting keyword_do or '{' or '('
  get "/sign_in", to "sessions#new"
                      ^):
  
config/routes.rb:5: syntax error, unexpected tSTRING_BEG, expecting keyword_do or '{' or '('
  Rendering /Users/Ursetta/.rbenv/versions/2.2.5/lib/ruby/gems/2.2.0/gems/actionpack-5.0.0/lib/action_dispatch/middleware/templates/rescues/diagnostics.html.erb within rescues/layout
  Rendering /Users/Ursetta/.rbenv/versions/2.2.5/lib/ruby/gems/2.2.0/gems/actionpack-5.0.0/lib/action_dispatch/middleware/templates/rescues/_source.html.erb
  Rendered /Users/Ursetta/.rbenv/versions/2.2.5/lib/ruby/gems/2.2.0/gems/actionpack-5.0.0/lib/action_dispatch/middleware/templates/rescues/_source.html.erb (5.4ms)
  Rendering /Users/Ursetta/.rbenv/versions/2.2.5/lib/ruby/gems/2.2.0/gems/actionpack-5.0.0/lib/action_dispatch/middleware/templates/rescues/_trace.html.erb
  Rendered /Users/Ursetta/.rbenv/versions/2.2.5/lib/ruby/gems/2.2.0/gems/actionpack-5.0.0/lib/action_dispatch/middleware/templates/rescues/_trace.html.erb (4.4ms)
  Rendering /Users/Ursetta/.rbenv/versions/2.2.5/lib/ruby/gems/2.2.0/gems/actionpack-5.0.0/lib/action_dispatch/middleware/templates/rescues/_request_and_response.html.erb
  Rendered /Users/Ursetta/.rbenv/versions/2.2.5/lib/ruby/gems/2.2.0/gems/actionpack-5.0.0/lib/action_dispatch/middleware/templates/rescues/_request_and_response.html.erb (1.2ms)
  Rendered /Users/Ursetta/.rbenv/versions/2.2.5/lib/ruby/gems/2.2.0/gems/actionpack-5.0.0/lib/action_dispatch/middleware/templates/rescues/diagnostics.html.erb within rescues/layout (112.2ms)
Started GET "/users" for ::1 at 2016-08-09 11:13:08 -0600
  
SyntaxError (/Users/Ursetta/wdi/politicator/config/routes.rb:5: syntax error, unexpected tSTRING_BEG, expecting keyword_do or '{' or '('
  get "/sign_in", to "sessions#new",
                      ^
/Users/Ursetta/wdi/politicator/config/routes.rb:5: syntax error, unexpected ',', expecting keyword_end):
  
config/routes.rb:5: syntax error, unexpected tSTRING_BEG, expecting keyword_do or '{' or '('
config/routes.rb:5: syntax error, unexpected ',', expecting keyword_end
  Rendering /Users/Ursetta/.rbenv/versions/2.2.5/lib/ruby/gems/2.2.0/gems/actionpack-5.0.0/lib/action_dispatch/middleware/templates/rescues/diagnostics.html.erb within rescues/layout
  Rendering /Users/Ursetta/.rbenv/versions/2.2.5/lib/ruby/gems/2.2.0/gems/actionpack-5.0.0/lib/action_dispatch/middleware/templates/rescues/_source.html.erb
  Rendered /Users/Ursetta/.rbenv/versions/2.2.5/lib/ruby/gems/2.2.0/gems/actionpack-5.0.0/lib/action_dispatch/middleware/templates/rescues/_source.html.erb (5.3ms)
  Rendering /Users/Ursetta/.rbenv/versions/2.2.5/lib/ruby/gems/2.2.0/gems/actionpack-5.0.0/lib/action_dispatch/middleware/templates/rescues/_trace.html.erb
  Rendered /Users/Ursetta/.rbenv/versions/2.2.5/lib/ruby/gems/2.2.0/gems/actionpack-5.0.0/lib/action_dispatch/middleware/templates/rescues/_trace.html.erb (3.2ms)
  Rendering /Users/Ursetta/.rbenv/versions/2.2.5/lib/ruby/gems/2.2.0/gems/actionpack-5.0.0/lib/action_dispatch/middleware/templates/rescues/_request_and_response.html.erb
  Rendered /Users/Ursetta/.rbenv/versions/2.2.5/lib/ruby/gems/2.2.0/gems/actionpack-5.0.0/lib/action_dispatch/middleware/templates/rescues/_request_and_response.html.erb (0.7ms)
  Rendered /Users/Ursetta/.rbenv/versions/2.2.5/lib/ruby/gems/2.2.0/gems/actionpack-5.0.0/lib/action_dispatch/middleware/templates/rescues/diagnostics.html.erb within rescues/layout (103.4ms)
Started GET "/users" for ::1 at 2016-08-09 11:14:01 -0600
Processing by UsersController#index as HTML
Completed 500 Internal Server Error in 4ms (ActiveRecord: 0.0ms)


  
LoadError (cannot load such file -- bcrypt):
  
app/models/user.rb:2:in `<class:User>'
app/models/user.rb:1:in `<top (required)>'
app/controllers/users_controller.rb:7:in `index'
  Rendering /Users/Ursetta/.rbenv/versions/2.2.5/lib/ruby/gems/2.2.0/gems/actionpack-5.0.0/lib/action_dispatch/middleware/templates/rescues/diagnostics.html.erb within rescues/layout
  Rendering /Users/Ursetta/.rbenv/versions/2.2.5/lib/ruby/gems/2.2.0/gems/actionpack-5.0.0/lib/action_dispatch/middleware/templates/rescues/_source.html.erb
  Rendered /Users/Ursetta/.rbenv/versions/2.2.5/lib/ruby/gems/2.2.0/gems/actionpack-5.0.0/lib/action_dispatch/middleware/templates/rescues/_source.html.erb (7.5ms)
  Rendering /Users/Ursetta/.rbenv/versions/2.2.5/lib/ruby/gems/2.2.0/gems/actionpack-5.0.0/lib/action_dispatch/middleware/templates/rescues/_trace.html.erb
  Rendered /Users/Ursetta/.rbenv/versions/2.2.5/lib/ruby/gems/2.2.0/gems/actionpack-5.0.0/lib/action_dispatch/middleware/templates/rescues/_trace.html.erb (2.8ms)
  Rendering /Users/Ursetta/.rbenv/versions/2.2.5/lib/ruby/gems/2.2.0/gems/actionpack-5.0.0/lib/action_dispatch/middleware/templates/rescues/_request_and_response.html.erb
  Rendered /Users/Ursetta/.rbenv/versions/2.2.5/lib/ruby/gems/2.2.0/gems/actionpack-5.0.0/lib/action_dispatch/middleware/templates/rescues/_request_and_response.html.erb (1.0ms)
  Rendered /Users/Ursetta/.rbenv/versions/2.2.5/lib/ruby/gems/2.2.0/gems/actionpack-5.0.0/lib/action_dispatch/middleware/templates/rescues/diagnostics.html.erb within rescues/layout (97.4ms)
Started GET "/users" for ::1 at 2016-08-09 11:14:40 -0600
Processing by UsersController#index as HTML
Completed 500 Internal Server Error in 3ms (ActiveRecord: 0.0ms)


  
LoadError (cannot load such file -- bcrypt):
  
app/models/user.rb:2:in `<class:User>'
app/models/user.rb:1:in `<top (required)>'
app/controllers/users_controller.rb:7:in `index'
  Rendering /Users/Ursetta/.rbenv/versions/2.2.5/lib/ruby/gems/2.2.0/gems/actionpack-5.0.0/lib/action_dispatch/middleware/templates/rescues/diagnostics.html.erb within rescues/layout
  Rendering /Users/Ursetta/.rbenv/versions/2.2.5/lib/ruby/gems/2.2.0/gems/actionpack-5.0.0/lib/action_dispatch/middleware/templates/rescues/_source.html.erb
  Rendered /Users/Ursetta/.rbenv/versions/2.2.5/lib/ruby/gems/2.2.0/gems/actionpack-5.0.0/lib/action_dispatch/middleware/templates/rescues/_source.html.erb (7.6ms)
  Rendering /Users/Ursetta/.rbenv/versions/2.2.5/lib/ruby/gems/2.2.0/gems/actionpack-5.0.0/lib/action_dispatch/middleware/templates/rescues/_trace.html.erb
  Rendered /Users/Ursetta/.rbenv/versions/2.2.5/lib/ruby/gems/2.2.0/gems/actionpack-5.0.0/lib/action_dispatch/middleware/templates/rescues/_trace.html.erb (5.8ms)
  Rendering /Users/Ursetta/.rbenv/versions/2.2.5/lib/ruby/gems/2.2.0/gems/actionpack-5.0.0/lib/action_dispatch/middleware/templates/rescues/_request_and_response.html.erb
  Rendered /Users/Ursetta/.rbenv/versions/2.2.5/lib/ruby/gems/2.2.0/gems/actionpack-5.0.0/lib/action_dispatch/middleware/templates/rescues/_request_and_response.html.erb (1.5ms)
  Rendered /Users/Ursetta/.rbenv/versions/2.2.5/lib/ruby/gems/2.2.0/gems/actionpack-5.0.0/lib/action_dispatch/middleware/templates/rescues/diagnostics.html.erb within rescues/layout (105.4ms)
  [1m[36mActiveRecord::SchemaMigration Load (0.4ms)[0m  [1m[34mSELECT "schema_migrations".* FROM "schema_migrations"[0m
  [1m[35m (0.4ms)[0m  [1m[34mSELECT "ar_internal_metadata"."value" FROM "ar_internal_metadata" WHERE "ar_internal_metadata"."key" = $1[0m  [["key", :environment]]
  [1m[36mActiveRecord::SchemaMigration Load (0.2ms)[0m  [1m[34mSELECT "schema_migrations".* FROM "schema_migrations"[0m
  [1m[35m (0.3ms)[0m  [1m[34mSELECT "ar_internal_metadata"."value" FROM "ar_internal_metadata" WHERE "ar_internal_metadata"."key" = $1[0m  [["key", :environment]]
  [1m[36mActiveRecord::SchemaMigration Load (0.2ms)[0m  [1m[34mSELECT "schema_migrations".* FROM "schema_migrations"[0m
  [1m[35m (0.2ms)[0m  [1m[34mSELECT "ar_internal_metadata"."value" FROM "ar_internal_metadata" WHERE "ar_internal_metadata"."key" = $1[0m  [["key", :environment]]
  [1m[35m (124.6ms)[0m  [1m[35mDROP DATABASE IF EXISTS "politicator_development"[0m
  [1m[35m (122.9ms)[0m  [1m[35mDROP DATABASE IF EXISTS "politicator_test"[0m
  [1m[35m (0.2ms)[0m  [1m[35mDROP DATABASE IF EXISTS "politicator_development"[0m
  [1m[35m (0.1ms)[0m  [1m[35mDROP DATABASE IF EXISTS "politicator_test"[0m
  [1m[35m (248.8ms)[0m  [1m[35mCREATE DATABASE "politicator_development" ENCODING = 'unicode'[0m
  [1m[35m (243.7ms)[0m  [1m[35mCREATE DATABASE "politicator_test" ENCODING = 'unicode'[0m
  [1m[35mSQL (0.3ms)[0m  [1m[35mCREATE EXTENSION IF NOT EXISTS "plpgsql"[0m
  [1m[35m (4.9ms)[0m  [1m[35mCREATE TABLE "policies" ("id" serial primary key, "name" character varying, "left" character varying, "right" character varying, "created_at" timestamp NOT NULL, "updated_at" timestamp NOT NULL)[0m
  [1m[35m (2.5ms)[0m  [1m[35mCREATE TABLE "users" ("id" serial primary key, "first_name" character varying, "last_name" character varying, "location" character varying, "party" character varying, "email" character varying, "profile_pic" character varying, "password_digest" character varying, "created_at" timestamp NOT NULL, "updated_at" timestamp NOT NULL)[0m
  [1m[35m (2.4ms)[0m  [1m[35mCREATE TABLE "schema_migrations" ("version" character varying PRIMARY KEY)[0m
  [1m[35m (0.2ms)[0m  [1m[34mSELECT version FROM "schema_migrations"[0m
  [1m[35m (0.6ms)[0m  [1m[32mINSERT INTO "schema_migrations" (version) VALUES ('20160809165315')[0m
  [1m[35m (0.3ms)[0m  [1m[32mINSERT INTO schema_migrations (version) VALUES ('20160809161753');

[0m
  [1m[35m (2.1ms)[0m  [1m[35mCREATE TABLE "ar_internal_metadata" ("key" character varying PRIMARY KEY, "value" character varying, "created_at" timestamp NOT NULL, "updated_at" timestamp NOT NULL)[0m
  [1m[36mActiveRecord::InternalMetadata Load (0.3ms)[0m  [1m[34mSELECT  "ar_internal_metadata".* FROM "ar_internal_metadata" WHERE "ar_internal_metadata"."key" = $1 LIMIT $2[0m  [["key", :environment], ["LIMIT", 1]]
  [1m[35m (0.1ms)[0m  [1m[35mBEGIN[0m
  [1m[35mSQL (0.4ms)[0m  [1m[32mINSERT INTO "ar_internal_metadata" ("key", "value", "created_at", "updated_at") VALUES ($1, $2, $3, $4) RETURNING "key"[0m  [["key", "environment"], ["value", "development"], ["created_at", 2016-08-09 17:15:15 UTC], ["updated_at", 2016-08-09 17:15:15 UTC]]
  [1m[35m (0.3ms)[0m  [1m[35mCOMMIT[0m
  [1m[36mActiveRecord::InternalMetadata Load (0.2ms)[0m  [1m[34mSELECT  "ar_internal_metadata".* FROM "ar_internal_metadata" WHERE "ar_internal_metadata"."key" = $1 LIMIT $2[0m  [["key", :environment], ["LIMIT", 1]]
  [1m[35m (0.1ms)[0m  [1m[35mBEGIN[0m
  [1m[35m (0.1ms)[0m  [1m[35mCOMMIT[0m
  [1m[35mSQL (0.3ms)[0m  [1m[35mCREATE EXTENSION IF NOT EXISTS "plpgsql"[0m
  [1m[35m (13.6ms)[0m  [1m[35mCREATE TABLE "policies" ("id" serial primary key, "name" character varying, "left" character varying, "right" character varying, "created_at" timestamp NOT NULL, "updated_at" timestamp NOT NULL)[0m
  [1m[35m (2.8ms)[0m  [1m[35mCREATE TABLE "users" ("id" serial primary key, "first_name" character varying, "last_name" character varying, "location" character varying, "party" character varying, "email" character varying, "profile_pic" character varying, "password_digest" character varying, "created_at" timestamp NOT NULL, "updated_at" timestamp NOT NULL)[0m
  [1m[35m (1.8ms)[0m  [1m[35mCREATE TABLE "schema_migrations" ("version" character varying PRIMARY KEY)[0m
  [1m[35m (0.3ms)[0m  [1m[34mSELECT version FROM "schema_migrations"[0m
  [1m[35m (0.3ms)[0m  [1m[32mINSERT INTO "schema_migrations" (version) VALUES ('20160809165315')[0m
  [1m[35m (0.2ms)[0m  [1m[32mINSERT INTO schema_migrations (version) VALUES ('20160809161753');

[0m
  [1m[35m (3.0ms)[0m  [1m[35mCREATE TABLE "ar_internal_metadata" ("key" character varying PRIMARY KEY, "value" character varying, "created_at" timestamp NOT NULL, "updated_at" timestamp NOT NULL)[0m
  [1m[36mActiveRecord::InternalMetadata Load (0.3ms)[0m  [1m[34mSELECT  "ar_internal_metadata".* FROM "ar_internal_metadata" WHERE "ar_internal_metadata"."key" = $1 LIMIT $2[0m  [["key", :environment], ["LIMIT", 1]]
  [1m[35m (0.1ms)[0m  [1m[35mBEGIN[0m
  [1m[35mSQL (0.3ms)[0m  [1m[32mINSERT INTO "ar_internal_metadata" ("key", "value", "created_at", "updated_at") VALUES ($1, $2, $3, $4) RETURNING "key"[0m  [["key", "environment"], ["value", "development"], ["created_at", 2016-08-09 17:15:15 UTC], ["updated_at", 2016-08-09 17:15:15 UTC]]
  [1m[35m (0.3ms)[0m  [1m[35mCOMMIT[0m
  [1m[36mActiveRecord::InternalMetadata Load (0.2ms)[0m  [1m[34mSELECT  "ar_internal_metadata".* FROM "ar_internal_metadata" WHERE "ar_internal_metadata"."key" = $1 LIMIT $2[0m  [["key", :environment], ["LIMIT", 1]]
  [1m[35m (0.1ms)[0m  [1m[35mBEGIN[0m
  [1m[35m (0.1ms)[0m  [1m[35mCOMMIT[0m
  [1m[36mActiveRecord::SchemaMigration Load (0.3ms)[0m  [1m[34mSELECT "schema_migrations".* FROM "schema_migrations"[0m
Started GET "/users" for ::1 at 2016-08-09 11:15:21 -0600
  [1m[36mActiveRecord::SchemaMigration Load (0.4ms)[0m  [1m[34mSELECT "schema_migrations".* FROM "schema_migrations"[0m
Processing by UsersController#index as HTML
  Rendering users/index.html.erb within layouts/application
  [1m[36mUser Load (0.6ms)[0m  [1m[34mSELECT "users".* FROM "users"[0m
  Rendered users/index.html.erb within layouts/application (10.0ms)
Completed 200 OK in 441ms (Views: 424.1ms | ActiveRecord: 1.6ms)


Started GET "/users/new" for ::1 at 2016-08-09 11:15:34 -0600
Processing by UsersController#new as HTML
  Rendering users/new.html.erb within layouts/application
  Rendered users/_form.html.erb (17.6ms)
  Rendered users/new.html.erb within layouts/application (19.5ms)
Completed 200 OK in 57ms (Views: 43.4ms | ActiveRecord: 3.7ms)


Started GET "/users/new" for ::1 at 2016-08-09 11:16:00 -0600
Processing by UsersController#new as HTML
  Rendering users/new.html.erb within layouts/application
  Rendered users/_form.html.erb (4.4ms)
  Rendered users/new.html.erb within layouts/application (6.4ms)
Completed 200 OK in 32ms (Views: 29.8ms | ActiveRecord: 0.0ms)


Started POST "/users" for ::1 at 2016-08-09 11:17:15 -0600
Processing by UsersController#create as HTML
  Parameters: {"utf8"=>"✓", "authenticity_token"=>"SYjwqn1iS5IZL0tsHjF43DwwM5Eq+BUgDrIhSC3IWXzHk9S3Zc2E1KgpIuz9FdZKYKA+BjK71UMYghx7oTX9ig==", "user"=>{"first_name"=>"asdfasdf", "last_name"=>"adfadfs", "location"=>"adsfasdf", "party"=>"asdfasdf", "email"=>"adsfasdf", "profile_pic"=>"asdfasdf", "password_digest"=>"[FILTERED]"}, "commit"=>"Create User"}
Unpermitted parameter: password_digest
  [1m[35m (0.2ms)[0m  [1m[35mBEGIN[0m
  [1m[35m (0.1ms)[0m  [1m[31mROLLBACK[0m
Redirected to http://localhost:3000/users/
Completed 302 Found in 4ms (ActiveRecord: 0.3ms)


Started GET "/users/" for ::1 at 2016-08-09 11:17:16 -0600
Processing by UsersController#index as HTML
  Rendering users/index.html.erb within layouts/application
  [1m[36mUser Load (0.6ms)[0m  [1m[34mSELECT "users".* FROM "users"[0m
  Rendered users/index.html.erb within layouts/application (2.3ms)
Completed 200 OK in 50ms (Views: 48.1ms | ActiveRecord: 0.6ms)


Started GET "/users/1" for ::1 at 2016-08-09 11:17:23 -0600
Processing by UsersController#show as HTML
  Parameters: {"id"=>"1"}
  [1m[36mUser Load (0.5ms)[0m  [1m[34mSELECT  "users".* FROM "users" WHERE "users"."id" = $1 LIMIT $2[0m  [["id", 1], ["LIMIT", 1]]
Completed 404 Not Found in 8ms (ActiveRecord: 0.7ms)


  
ActiveRecord::RecordNotFound (Couldn't find User with 'id'=1):
  
app/controllers/users_controller.rb:55:in `set_user'
  Rendering /Users/Ursetta/.rbenv/versions/2.2.5/lib/ruby/gems/2.2.0/gems/actionpack-5.0.0/lib/action_dispatch/middleware/templates/rescues/diagnostics.html.erb within rescues/layout
  Rendering /Users/Ursetta/.rbenv/versions/2.2.5/lib/ruby/gems/2.2.0/gems/actionpack-5.0.0/lib/action_dispatch/middleware/templates/rescues/_source.html.erb
  Rendered /Users/Ursetta/.rbenv/versions/2.2.5/lib/ruby/gems/2.2.0/gems/actionpack-5.0.0/lib/action_dispatch/middleware/templates/rescues/_source.html.erb (23.4ms)
  Rendering /Users/Ursetta/.rbenv/versions/2.2.5/lib/ruby/gems/2.2.0/gems/actionpack-5.0.0/lib/action_dispatch/middleware/templates/rescues/_trace.html.erb
  Rendered /Users/Ursetta/.rbenv/versions/2.2.5/lib/ruby/gems/2.2.0/gems/actionpack-5.0.0/lib/action_dispatch/middleware/templates/rescues/_trace.html.erb (3.6ms)
  Rendering /Users/Ursetta/.rbenv/versions/2.2.5/lib/ruby/gems/2.2.0/gems/actionpack-5.0.0/lib/action_dispatch/middleware/templates/rescues/_request_and_response.html.erb
  Rendered /Users/Ursetta/.rbenv/versions/2.2.5/lib/ruby/gems/2.2.0/gems/actionpack-5.0.0/lib/action_dispatch/middleware/templates/rescues/_request_and_response.html.erb (1.4ms)
  Rendered /Users/Ursetta/.rbenv/versions/2.2.5/lib/ruby/gems/2.2.0/gems/actionpack-5.0.0/lib/action_dispatch/middleware/templates/rescues/diagnostics.html.erb within rescues/layout (112.5ms)
Started GET "/users" for ::1 at 2016-08-09 11:17:28 -0600
Processing by UsersController#index as HTML
  Rendering users/index.html.erb within layouts/application
  [1m[36mUser Load (0.5ms)[0m  [1m[34mSELECT "users".* FROM "users"[0m
  Rendered users/index.html.erb within layouts/application (2.4ms)
Completed 200 OK in 36ms (Views: 34.2ms | ActiveRecord: 0.5ms)


Started GET "/users" for ::1 at 2016-08-09 11:19:49 -0600
Processing by UsersController#index as HTML
  Rendering users/index.html.erb within layouts/application
  [1m[36mUser Load (0.5ms)[0m  [1m[34mSELECT "users".* FROM "users"[0m
  Rendered users/index.html.erb within layouts/application (7.8ms)
Completed 200 OK in 48ms (Views: 41.4ms | ActiveRecord: 2.3ms)


Started GET "/users/new" for ::1 at 2016-08-09 11:19:51 -0600
Processing by UsersController#new as HTML
  Rendering users/new.html.erb within layouts/application
  Rendered users/_form.html.erb (6.6ms)
  Rendered users/new.html.erb within layouts/application (8.3ms)
Completed 200 OK in 51ms (Views: 38.2ms | ActiveRecord: 2.5ms)


Started POST "/users" for ::1 at 2016-08-09 11:20:03 -0600
Processing by UsersController#create as HTML
  Parameters: {"utf8"=>"✓", "authenticity_token"=>"7RQPe8Kqa9W7P7ejLYm8AzVCqrgCkd5OJGi11Hu6ESNjDytm2gWkkwo53iPOrRKVadKnLxrSHi0yWIjn90e11Q==", "user"=>{"first_name"=>"adsfasdf", "last_name"=>"adsfasdf", "location"=>"asdfasdf", "party"=>"adsfasdf", "email"=>"asdfasdf", "profile_pic"=>"adsfasdf", "password_digest"=>"[FILTERED]"}, "commit"=>"Create User"}
  [1m[35m (0.1ms)[0m  [1m[35mBEGIN[0m
  [1m[35mSQL (0.9ms)[0m  [1m[32mINSERT INTO "users" ("first_name", "last_name", "location", "party", "email", "profile_pic", "password_digest", "created_at", "updated_at") VALUES ($1, $2, $3, $4, $5, $6, $7, $8, $9) RETURNING "id"[0m  [["first_name", "adsfasdf"], ["last_name", "adsfasdf"], ["location", "asdfasdf"], ["party", "adsfasdf"], ["email", "asdfasdf"], ["profile_pic", "adsfasdf"], ["password_digest", "test"], ["created_at", 2016-08-09 17:20:03 UTC], ["updated_at", 2016-08-09 17:20:03 UTC]]
  [1m[35m (6.2ms)[0m  [1m[35mCOMMIT[0m
Redirected to http://localhost:3000/users/1
Completed 302 Found in 11ms (ActiveRecord: 7.3ms)


Started GET "/users/1" for ::1 at 2016-08-09 11:20:03 -0600
Processing by UsersController#show as HTML
  Parameters: {"id"=>"1"}
  [1m[36mUser Load (0.2ms)[0m  [1m[34mSELECT  "users".* FROM "users" WHERE "users"."id" = $1 LIMIT $2[0m  [["id", 1], ["LIMIT", 1]]
  [1m[36mUser Load (0.1ms)[0m  [1m[34mSELECT  "users".* FROM "users" WHERE "users"."id" = $1 LIMIT $2[0m  [["id", 1], ["LIMIT", 1]]
  Rendering users/show.html.erb within layouts/application
  Rendered users/show.html.erb within layouts/application (0.9ms)
Completed 200 OK in 29ms (Views: 25.3ms | ActiveRecord: 0.5ms)


Started GET "/users/1/edit" for ::1 at 2016-08-09 11:23:40 -0600
Processing by UsersController#edit as HTML
  Parameters: {"id"=>"1"}
  [1m[36mUser Load (0.3ms)[0m  [1m[34mSELECT  "users".* FROM "users" WHERE "users"."id" = $1 LIMIT $2[0m  [["id", 1], ["LIMIT", 1]]
  [1m[36mUser Load (0.2ms)[0m  [1m[34mSELECT  "users".* FROM "users" WHERE "users"."id" = $1 LIMIT $2[0m  [["id", 1], ["LIMIT", 1]]
  Rendering users/edit.html.erb within layouts/application
  Rendered users/_form.html.erb (4.1ms)
  Rendered users/edit.html.erb within layouts/application (6.0ms)
Completed 200 OK in 33ms (Views: 29.6ms | ActiveRecord: 0.5ms)


Started GET "/users/1" for ::1 at 2016-08-09 11:23:43 -0600
Processing by UsersController#show as HTML
  Parameters: {"id"=>"1"}
  [1m[36mUser Load (0.3ms)[0m  [1m[34mSELECT  "users".* FROM "users" WHERE "users"."id" = $1 LIMIT $2[0m  [["id", 1], ["LIMIT", 1]]
  [1m[36mUser Load (0.2ms)[0m  [1m[34mSELECT  "users".* FROM "users" WHERE "users"."id" = $1 LIMIT $2[0m  [["id", 1], ["LIMIT", 1]]
  Rendering users/show.html.erb within layouts/application
  Rendered users/show.html.erb within layouts/application (1.0ms)
Completed 200 OK in 29ms (Views: 24.8ms | ActiveRecord: 0.8ms)


Started GET "/users" for ::1 at 2016-08-09 11:23:44 -0600
Processing by UsersController#index as HTML
  Rendering users/index.html.erb within layouts/application
  [1m[36mUser Load (0.3ms)[0m  [1m[34mSELECT "users".* FROM "users"[0m
  Rendered users/index.html.erb within layouts/application (2.4ms)
Completed 200 OK in 37ms (Views: 33.5ms | ActiveRecord: 0.3ms)


  [1m[36mActiveRecord::SchemaMigration Load (0.5ms)[0m  [1m[34mSELECT "schema_migrations".* FROM "schema_migrations"[0m
  [1m[35m (0.8ms)[0m  [1m[34mSELECT "ar_internal_metadata"."value" FROM "ar_internal_metadata" WHERE "ar_internal_metadata"."key" = $1[0m  [["key", :environment]]
  [1m[36mActiveRecord::SchemaMigration Load (0.2ms)[0m  [1m[34mSELECT "schema_migrations".* FROM "schema_migrations"[0m
  [1m[35m (0.2ms)[0m  [1m[34mSELECT "ar_internal_metadata"."value" FROM "ar_internal_metadata" WHERE "ar_internal_metadata"."key" = $1[0m  [["key", :environment]]
  [1m[36mActiveRecord::SchemaMigration Load (0.1ms)[0m  [1m[34mSELECT "schema_migrations".* FROM "schema_migrations"[0m
  [1m[35m (0.2ms)[0m  [1m[34mSELECT "ar_internal_metadata"."value" FROM "ar_internal_metadata" WHERE "ar_internal_metadata"."key" = $1[0m  [["key", :environment]]
  [1m[35m (124.6ms)[0m  [1m[35mDROP DATABASE IF EXISTS "politicator_development"[0m
  [1m[35m (118.7ms)[0m  [1m[35mDROP DATABASE IF EXISTS "politicator_test"[0m
  [1m[35m (246.8ms)[0m  [1m[35mCREATE DATABASE "politicator_development" ENCODING = 'unicode'[0m
  [1m[35m (246.0ms)[0m  [1m[35mCREATE DATABASE "politicator_test" ENCODING = 'unicode'[0m
  [1m[35mSQL (0.7ms)[0m  [1m[35mCREATE EXTENSION IF NOT EXISTS "plpgsql"[0m
  [1m[35m (4.6ms)[0m  [1m[35mCREATE TABLE "policies" ("id" serial primary key, "name" character varying, "left" character varying, "right" character varying, "created_at" timestamp NOT NULL, "updated_at" timestamp NOT NULL)[0m
  [1m[35m (4.6ms)[0m  [1m[35mCREATE TABLE "users" ("id" serial primary key, "first_name" character varying, "last_name" character varying, "location" character varying, "party" character varying, "email" character varying, "profile_pic" character varying, "password_digest" character varying, "created_at" timestamp NOT NULL, "updated_at" timestamp NOT NULL)[0m
  [1m[35m (2.3ms)[0m  [1m[35mCREATE TABLE "schema_migrations" ("version" character varying PRIMARY KEY)[0m
  [1m[35m (0.3ms)[0m  [1m[34mSELECT version FROM "schema_migrations"[0m
  [1m[35m (0.3ms)[0m  [1m[32mINSERT INTO "schema_migrations" (version) VALUES ('20160809165315')[0m
  [1m[35m (0.3ms)[0m  [1m[32mINSERT INTO schema_migrations (version) VALUES ('20160809161753');

[0m
  [1m[35m (2.1ms)[0m  [1m[35mCREATE TABLE "ar_internal_metadata" ("key" character varying PRIMARY KEY, "value" character varying, "created_at" timestamp NOT NULL, "updated_at" timestamp NOT NULL)[0m
  [1m[36mActiveRecord::InternalMetadata Load (0.5ms)[0m  [1m[34mSELECT  "ar_internal_metadata".* FROM "ar_internal_metadata" WHERE "ar_internal_metadata"."key" = $1 LIMIT $2[0m  [["key", :environment], ["LIMIT", 1]]
  [1m[35m (0.1ms)[0m  [1m[35mBEGIN[0m
  [1m[35mSQL (0.4ms)[0m  [1m[32mINSERT INTO "ar_internal_metadata" ("key", "value", "created_at", "updated_at") VALUES ($1, $2, $3, $4) RETURNING "key"[0m  [["key", "environment"], ["value", "development"], ["created_at", 2016-08-09 17:24:30 UTC], ["updated_at", 2016-08-09 17:24:30 UTC]]
  [1m[35m (0.5ms)[0m  [1m[35mCOMMIT[0m
  [1m[36mActiveRecord::InternalMetadata Load (0.1ms)[0m  [1m[34mSELECT  "ar_internal_metadata".* FROM "ar_internal_metadata" WHERE "ar_internal_metadata"."key" = $1 LIMIT $2[0m  [["key", :environment], ["LIMIT", 1]]
  [1m[35m (0.1ms)[0m  [1m[35mBEGIN[0m
  [1m[35m (0.1ms)[0m  [1m[35mCOMMIT[0m
  [1m[35mSQL (0.3ms)[0m  [1m[35mCREATE EXTENSION IF NOT EXISTS "plpgsql"[0m
  [1m[35m (4.2ms)[0m  [1m[35mCREATE TABLE "policies" ("id" serial primary key, "name" character varying, "left" character varying, "right" character varying, "created_at" timestamp NOT NULL, "updated_at" timestamp NOT NULL)[0m
  [1m[35m (3.0ms)[0m  [1m[35mCREATE TABLE "users" ("id" serial primary key, "first_name" character varying, "last_name" character varying, "location" character varying, "party" character varying, "email" character varying, "profile_pic" character varying, "password_digest" character varying, "created_at" timestamp NOT NULL, "updated_at" timestamp NOT NULL)[0m
  [1m[35m (1.8ms)[0m  [1m[35mCREATE TABLE "schema_migrations" ("version" character varying PRIMARY KEY)[0m
  [1m[35m (0.3ms)[0m  [1m[34mSELECT version FROM "schema_migrations"[0m
  [1m[35m (0.4ms)[0m  [1m[32mINSERT INTO "schema_migrations" (version) VALUES ('20160809165315')[0m
  [1m[35m (0.3ms)[0m  [1m[32mINSERT INTO schema_migrations (version) VALUES ('20160809161753');

[0m
  [1m[35m (1.9ms)[0m  [1m[35mCREATE TABLE "ar_internal_metadata" ("key" character varying PRIMARY KEY, "value" character varying, "created_at" timestamp NOT NULL, "updated_at" timestamp NOT NULL)[0m
  [1m[36mActiveRecord::InternalMetadata Load (0.3ms)[0m  [1m[34mSELECT  "ar_internal_metadata".* FROM "ar_internal_metadata" WHERE "ar_internal_metadata"."key" = $1 LIMIT $2[0m  [["key", :environment], ["LIMIT", 1]]
  [1m[35m (0.1ms)[0m  [1m[35mBEGIN[0m
  [1m[35mSQL (0.3ms)[0m  [1m[32mINSERT INTO "ar_internal_metadata" ("key", "value", "created_at", "updated_at") VALUES ($1, $2, $3, $4) RETURNING "key"[0m  [["key", "environment"], ["value", "development"], ["created_at", 2016-08-09 17:24:30 UTC], ["updated_at", 2016-08-09 17:24:30 UTC]]
  [1m[35m (0.2ms)[0m  [1m[35mCOMMIT[0m
  [1m[36mActiveRecord::InternalMetadata Load (0.2ms)[0m  [1m[34mSELECT  "ar_internal_metadata".* FROM "ar_internal_metadata" WHERE "ar_internal_metadata"."key" = $1 LIMIT $2[0m  [["key", :environment], ["LIMIT", 1]]
  [1m[35m (0.1ms)[0m  [1m[35mBEGIN[0m
  [1m[35m (0.1ms)[0m  [1m[35mCOMMIT[0m
  [1m[36mActiveRecord::SchemaMigration Load (0.3ms)[0m  [1m[34mSELECT "schema_migrations".* FROM "schema_migrations"[0m
Started GET "/" for ::1 at 2016-08-09 11:24:43 -0600
  [1m[36mActiveRecord::SchemaMigration Load (0.5ms)[0m  [1m[34mSELECT "schema_migrations".* FROM "schema_migrations"[0m
Processing by Rails::WelcomeController#index as HTML
  Parameters: {"internal"=>true}
  Rendering /Users/Ursetta/.rbenv/versions/2.2.5/lib/ruby/gems/2.2.0/gems/railties-5.0.0/lib/rails/templates/rails/welcome/index.html.erb
  Rendered /Users/Ursetta/.rbenv/versions/2.2.5/lib/ruby/gems/2.2.0/gems/railties-5.0.0/lib/rails/templates/rails/welcome/index.html.erb (4.5ms)
Completed 200 OK in 27ms (Views: 11.6ms | ActiveRecord: 0.0ms)


Started GET "/users" for ::1 at 2016-08-09 11:24:46 -0600
Processing by UsersController#index as HTML
  Rendering users/index.html.erb within layouts/application
  [1m[36mUser Load (0.6ms)[0m  [1m[34mSELECT "users".* FROM "users"[0m
  Rendered users/index.html.erb within layouts/application (7.9ms)
Completed 200 OK in 306ms (Views: 299.9ms | ActiveRecord: 1.7ms)


Started GET "/users/new" for ::1 at 2016-08-09 11:24:50 -0600
Processing by UsersController#new as HTML
  Rendering users/new.html.erb within layouts/application
  Rendered users/_form.html.erb (17.8ms)
  Rendered users/new.html.erb within layouts/application (19.6ms)
Completed 200 OK in 57ms (Views: 43.5ms | ActiveRecord: 2.9ms)


Started POST "/users" for ::1 at 2016-08-09 11:25:03 -0600
Processing by UsersController#create as HTML
  Parameters: {"utf8"=>"✓", "authenticity_token"=>"nEP7rUDdXea87J/uPf+kHEbNHXMTynjie/0x+I97Vh4SWN+wWHKSoA3q9m7e2wqKGl0Q5AuJuIFtzQzLA4by6A==", "user"=>{"first_name"=>"asdfasdf", "last_name"=>"asdfasdf", "location"=>"asdfadsf", "party"=>"asdfasdf", "email"=>"asdfasdf", "profile_pic"=>"asdfadsf", "password_digest"=>"[FILTERED]"}, "commit"=>"Create User"}
  [1m[35m (0.1ms)[0m  [1m[35mBEGIN[0m
  [1m[35mSQL (0.6ms)[0m  [1m[32mINSERT INTO "users" ("first_name", "last_name", "location", "party", "email", "profile_pic", "password_digest", "created_at", "updated_at") VALUES ($1, $2, $3, $4, $5, $6, $7, $8, $9) RETURNING "id"[0m  [["first_name", "asdfasdf"], ["last_name", "asdfasdf"], ["location", "asdfadsf"], ["party", "asdfasdf"], ["email", "asdfasdf"], ["profile_pic", "asdfadsf"], ["password_digest", "test"], ["created_at", 2016-08-09 17:25:03 UTC], ["updated_at", 2016-08-09 17:25:03 UTC]]
  [1m[35m (6.0ms)[0m  [1m[35mCOMMIT[0m
Redirected to http://localhost:3000/users/1
Completed 302 Found in 13ms (ActiveRecord: 6.8ms)


Started GET "/users/1" for ::1 at 2016-08-09 11:25:03 -0600
Processing by UsersController#show as HTML
  Parameters: {"id"=>"1"}
  [1m[36mUser Load (0.2ms)[0m  [1m[34mSELECT  "users".* FROM "users" WHERE "users"."id" = $1 LIMIT $2[0m  [["id", 1], ["LIMIT", 1]]
  [1m[36mUser Load (0.2ms)[0m  [1m[34mSELECT  "users".* FROM "users" WHERE "users"."id" = $1 LIMIT $2[0m  [["id", 1], ["LIMIT", 1]]
  Rendering users/show.html.erb within layouts/application
  Rendered users/show.html.erb within layouts/application (1.0ms)
Completed 200 OK in 33ms (Views: 27.1ms | ActiveRecord: 0.6ms)


Started GET "/users/1/edit" for ::1 at 2016-08-09 11:25:07 -0600
Processing by UsersController#edit as HTML
  Parameters: {"id"=>"1"}
  [1m[36mUser Load (0.4ms)[0m  [1m[34mSELECT  "users".* FROM "users" WHERE "users"."id" = $1 LIMIT $2[0m  [["id", 1], ["LIMIT", 1]]
  Rendering users/edit.html.erb within layouts/application
  Rendered users/_form.html.erb (4.6ms)
  Rendered users/edit.html.erb within layouts/application (6.5ms)
Completed 200 OK in 36ms (Views: 32.4ms | ActiveRecord: 0.4ms)


Started GET "/users/1" for ::1 at 2016-08-09 11:25:10 -0600
Processing by UsersController#show as HTML
  Parameters: {"id"=>"1"}
  [1m[36mUser Load (0.3ms)[0m  [1m[34mSELECT  "users".* FROM "users" WHERE "users"."id" = $1 LIMIT $2[0m  [["id", 1], ["LIMIT", 1]]
  [1m[36mUser Load (0.3ms)[0m  [1m[34mSELECT  "users".* FROM "users" WHERE "users"."id" = $1 LIMIT $2[0m  [["id", 1], ["LIMIT", 1]]
  Rendering users/show.html.erb within layouts/application
  Rendered users/show.html.erb within layouts/application (1.0ms)
Completed 200 OK in 28ms (Views: 24.3ms | ActiveRecord: 0.6ms)


Started GET "/users" for ::1 at 2016-08-09 11:25:16 -0600
Processing by UsersController#index as HTML
  Rendering users/index.html.erb within layouts/application
  [1m[36mUser Load (0.3ms)[0m  [1m[34mSELECT "users".* FROM "users"[0m
  Rendered users/index.html.erb within layouts/application (2.2ms)
Completed 200 OK in 32ms (Views: 29.6ms | ActiveRecord: 0.3ms)


Started GET "/users/1/edit" for ::1 at 2016-08-09 11:25:21 -0600
Processing by UsersController#edit as HTML
  Parameters: {"id"=>"1"}
  [1m[36mUser Load (0.3ms)[0m  [1m[34mSELECT  "users".* FROM "users" WHERE "users"."id" = $1 LIMIT $2[0m  [["id", 1], ["LIMIT", 1]]
  Rendering users/edit.html.erb within layouts/application
  Rendered users/_form.html.erb (7.1ms)
  Rendered users/edit.html.erb within layouts/application (9.0ms)
Completed 200 OK in 41ms (Views: 38.0ms | ActiveRecord: 0.3ms)


Started PATCH "/users/1" for ::1 at 2016-08-09 11:25:25 -0600
Processing by UsersController#update as HTML
  Parameters: {"utf8"=>"✓", "authenticity_token"=>"zM8MDkVGnK4dEdP1HVnd/jYB3pIugPSurHucWznmLiPeaQK+m0nMTCzBM8egWfkNJuIabCImt7Yzd9KsMzikNA==", "user"=>{"first_name"=>"asdfasdf", "last_name"=>"asdfasdf", "location"=>"asdfadsf", "party"=>"asdfasdf", "email"=>"asdfasdf", "profile_pic"=>"asdfadsfasdfasdf", "password_digest"=>"[FILTERED]"}, "commit"=>"Update User", "id"=>"1"}
  [1m[36mUser Load (0.4ms)[0m  [1m[34mSELECT  "users".* FROM "users" WHERE "users"."id" = $1 LIMIT $2[0m  [["id", 1], ["LIMIT", 1]]
Completed 500 Internal Server Error in 2ms (ActiveRecord: 0.4ms)


  
NoMethodError (undefined method `update_attributes' for nil:NilClass):
  
app/controllers/users_controller.rb:39:in `update'
  Rendering /Users/Ursetta/.rbenv/versions/2.2.5/lib/ruby/gems/2.2.0/gems/actionpack-5.0.0/lib/action_dispatch/middleware/templates/rescues/diagnostics.html.erb within rescues/layout
  Rendering /Users/Ursetta/.rbenv/versions/2.2.5/lib/ruby/gems/2.2.0/gems/actionpack-5.0.0/lib/action_dispatch/middleware/templates/rescues/_source.html.erb
  Rendered /Users/Ursetta/.rbenv/versions/2.2.5/lib/ruby/gems/2.2.0/gems/actionpack-5.0.0/lib/action_dispatch/middleware/templates/rescues/_source.html.erb (9.3ms)
  Rendering /Users/Ursetta/.rbenv/versions/2.2.5/lib/ruby/gems/2.2.0/gems/actionpack-5.0.0/lib/action_dispatch/middleware/templates/rescues/_trace.html.erb
  Rendered /Users/Ursetta/.rbenv/versions/2.2.5/lib/ruby/gems/2.2.0/gems/actionpack-5.0.0/lib/action_dispatch/middleware/templates/rescues/_trace.html.erb (3.9ms)
  Rendering /Users/Ursetta/.rbenv/versions/2.2.5/lib/ruby/gems/2.2.0/gems/actionpack-5.0.0/lib/action_dispatch/middleware/templates/rescues/_request_and_response.html.erb
  Rendered /Users/Ursetta/.rbenv/versions/2.2.5/lib/ruby/gems/2.2.0/gems/actionpack-5.0.0/lib/action_dispatch/middleware/templates/rescues/_request_and_response.html.erb (2.1ms)
  Rendered /Users/Ursetta/.rbenv/versions/2.2.5/lib/ruby/gems/2.2.0/gems/actionpack-5.0.0/lib/action_dispatch/middleware/templates/rescues/diagnostics.html.erb within rescues/layout (101.1ms)
Started GET "/users/1/edit" for ::1 at 2016-08-09 11:26:00 -0600
Processing by UsersController#edit as HTML
  Parameters: {"id"=>"1"}
  [1m[36mUser Load (0.2ms)[0m  [1m[34mSELECT  "users".* FROM "users" WHERE "users"."id" = $1 LIMIT $2[0m  [["id", 1], ["LIMIT", 1]]
  [1m[36mUser Load (0.2ms)[0m  [1m[34mSELECT  "users".* FROM "users" WHERE "users"."id" = $1 LIMIT $2[0m  [["id", 1], ["LIMIT", 1]]
  Rendering users/edit.html.erb within layouts/application
  Rendered users/_form.html.erb (6.1ms)
  Rendered users/edit.html.erb within layouts/application (7.7ms)
Completed 200 OK in 76ms (Views: 48.4ms | ActiveRecord: 3.3ms)


  [1m[36mActiveRecord::SchemaMigration Load (0.5ms)[0m  [1m[34mSELECT "schema_migrations".* FROM "schema_migrations"[0m
  [1m[35m (0.6ms)[0m  [1m[34mSELECT "ar_internal_metadata"."value" FROM "ar_internal_metadata" WHERE "ar_internal_metadata"."key" = $1[0m  [["key", :environment]]
  [1m[36mActiveRecord::SchemaMigration Load (0.3ms)[0m  [1m[34mSELECT "schema_migrations".* FROM "schema_migrations"[0m
  [1m[35m (0.2ms)[0m  [1m[34mSELECT "ar_internal_metadata"."value" FROM "ar_internal_metadata" WHERE "ar_internal_metadata"."key" = $1[0m  [["key", :environment]]
  [1m[36mActiveRecord::SchemaMigration Load (0.2ms)[0m  [1m[34mSELECT "schema_migrations".* FROM "schema_migrations"[0m
  [1m[35m (0.1ms)[0m  [1m[34mSELECT "ar_internal_metadata"."value" FROM "ar_internal_metadata" WHERE "ar_internal_metadata"."key" = $1[0m  [["key", :environment]]
  [1m[35m (122.5ms)[0m  [1m[35mDROP DATABASE IF EXISTS "politicator_development"[0m
  [1m[35m (120.9ms)[0m  [1m[35mDROP DATABASE IF EXISTS "politicator_test"[0m
  [1m[35m (240.4ms)[0m  [1m[35mCREATE DATABASE "politicator_development" ENCODING = 'unicode'[0m
  [1m[35m (236.9ms)[0m  [1m[35mCREATE DATABASE "politicator_test" ENCODING = 'unicode'[0m
  [1m[35mSQL (0.2ms)[0m  [1m[35mCREATE EXTENSION IF NOT EXISTS "plpgsql"[0m
  [1m[35m (5.1ms)[0m  [1m[35mCREATE TABLE "policies" ("id" serial primary key, "name" character varying, "left" character varying, "right" character varying, "created_at" timestamp NOT NULL, "updated_at" timestamp NOT NULL)[0m
  [1m[35m (4.9ms)[0m  [1m[35mCREATE TABLE "users" ("id" serial primary key, "first_name" character varying, "last_name" character varying, "location" character varying, "party" character varying, "email" character varying, "profile_pic" character varying, "password_digest" character varying, "created_at" timestamp NOT NULL, "updated_at" timestamp NOT NULL)[0m
  [1m[35m (2.7ms)[0m  [1m[35mCREATE TABLE "schema_migrations" ("version" character varying PRIMARY KEY)[0m
  [1m[35m (0.3ms)[0m  [1m[34mSELECT version FROM "schema_migrations"[0m
  [1m[35m (0.3ms)[0m  [1m[32mINSERT INTO "schema_migrations" (version) VALUES ('20160809165315')[0m
  [1m[35m (0.3ms)[0m  [1m[32mINSERT INTO schema_migrations (version) VALUES ('20160809161753');

[0m
  [1m[35m (1.9ms)[0m  [1m[35mCREATE TABLE "ar_internal_metadata" ("key" character varying PRIMARY KEY, "value" character varying, "created_at" timestamp NOT NULL, "updated_at" timestamp NOT NULL)[0m
  [1m[36mActiveRecord::InternalMetadata Load (0.4ms)[0m  [1m[34mSELECT  "ar_internal_metadata".* FROM "ar_internal_metadata" WHERE "ar_internal_metadata"."key" = $1 LIMIT $2[0m  [["key", :environment], ["LIMIT", 1]]
  [1m[35m (0.1ms)[0m  [1m[35mBEGIN[0m
  [1m[35mSQL (0.9ms)[0m  [1m[32mINSERT INTO "ar_internal_metadata" ("key", "value", "created_at", "updated_at") VALUES ($1, $2, $3, $4) RETURNING "key"[0m  [["key", "environment"], ["value", "development"], ["created_at", 2016-08-09 17:26:21 UTC], ["updated_at", 2016-08-09 17:26:21 UTC]]
  [1m[35m (0.2ms)[0m  [1m[35mCOMMIT[0m
  [1m[36mActiveRecord::InternalMetadata Load (0.2ms)[0m  [1m[34mSELECT  "ar_internal_metadata".* FROM "ar_internal_metadata" WHERE "ar_internal_metadata"."key" = $1 LIMIT $2[0m  [["key", :environment], ["LIMIT", 1]]
  [1m[35m (0.1ms)[0m  [1m[35mBEGIN[0m
  [1m[35m (0.1ms)[0m  [1m[35mCOMMIT[0m
  [1m[35mSQL (0.3ms)[0m  [1m[35mCREATE EXTENSION IF NOT EXISTS "plpgsql"[0m
  [1m[35m (4.5ms)[0m  [1m[35mCREATE TABLE "policies" ("id" serial primary key, "name" character varying, "left" character varying, "right" character varying, "created_at" timestamp NOT NULL, "updated_at" timestamp NOT NULL)[0m
  [1m[35m (2.9ms)[0m  [1m[35mCREATE TABLE "users" ("id" serial primary key, "first_name" character varying, "last_name" character varying, "location" character varying, "party" character varying, "email" character varying, "profile_pic" character varying, "password_digest" character varying, "created_at" timestamp NOT NULL, "updated_at" timestamp NOT NULL)[0m
  [1m[35m (2.3ms)[0m  [1m[35mCREATE TABLE "schema_migrations" ("version" character varying PRIMARY KEY)[0m
  [1m[35m (0.3ms)[0m  [1m[34mSELECT version FROM "schema_migrations"[0m
  [1m[35m (0.4ms)[0m  [1m[32mINSERT INTO "schema_migrations" (version) VALUES ('20160809165315')[0m
  [1m[35m (0.3ms)[0m  [1m[32mINSERT INTO schema_migrations (version) VALUES ('20160809161753');

[0m
  [1m[35m (1.9ms)[0m  [1m[35mCREATE TABLE "ar_internal_metadata" ("key" character varying PRIMARY KEY, "value" character varying, "created_at" timestamp NOT NULL, "updated_at" timestamp NOT NULL)[0m
  [1m[36mActiveRecord::InternalMetadata Load (0.2ms)[0m  [1m[34mSELECT  "ar_internal_metadata".* FROM "ar_internal_metadata" WHERE "ar_internal_metadata"."key" = $1 LIMIT $2[0m  [["key", :environment], ["LIMIT", 1]]
  [1m[35m (0.1ms)[0m  [1m[35mBEGIN[0m
  [1m[35mSQL (0.2ms)[0m  [1m[32mINSERT INTO "ar_internal_metadata" ("key", "value", "created_at", "updated_at") VALUES ($1, $2, $3, $4) RETURNING "key"[0m  [["key", "environment"], ["value", "development"], ["created_at", 2016-08-09 17:26:21 UTC], ["updated_at", 2016-08-09 17:26:21 UTC]]
  [1m[35m (0.3ms)[0m  [1m[35mCOMMIT[0m
  [1m[36mActiveRecord::InternalMetadata Load (0.1ms)[0m  [1m[34mSELECT  "ar_internal_metadata".* FROM "ar_internal_metadata" WHERE "ar_internal_metadata"."key" = $1 LIMIT $2[0m  [["key", :environment], ["LIMIT", 1]]
  [1m[35m (0.1ms)[0m  [1m[35mBEGIN[0m
  [1m[35m (0.1ms)[0m  [1m[35mCOMMIT[0m
  [1m[36mActiveRecord::SchemaMigration Load (0.3ms)[0m  [1m[34mSELECT "schema_migrations".* FROM "schema_migrations"[0m
